SF:/Users/work/.vscode/extensions/ms-python.python-2026.2.0-darwin-arm64/python_files/vscode_pytest/__init__.py
DA:4,0
DA:6,0
DA:7,0
DA:8,0
DA:9,0
DA:10,0
DA:11,0
DA:12,0
DA:13,0
DA:24,0
DA:30,0
DA:32,0
DA:33,0
DA:35,0
DA:38,0
DA:41,0
DA:42,0
DA:45,0
DA:48,0
DA:49,0
DA:50,0
DA:51,0
DA:54,0
DA:57,0
DA:58,0
DA:61,0
DA:64,0
DA:65,0
DA:68,0
DA:71,0
DA:72,0
DA:75,0
DA:76,0
DA:77,0
DA:78,0
DA:79,0
DA:80,0
DA:83,0
DA:84,0
DA:87,0
DA:88,0
DA:89,0
DA:92,0
DA:101,0
DA:102,0
DA:103,0
DA:106,0
DA:107,1
DA:110,1
DA:111,1
DA:112,0
DA:115,1
DA:117,0
DA:120,1
DA:121,1
DA:127,1
DA:128,0
DA:129,1
DA:131,0
DA:134,1
DA:135,1
DA:136,1
DA:137,1
DA:138,0
DA:143,1
DA:145,1
DA:146,0
DA:147,0
DA:150,1
DA:151,0
DA:152,0
DA:153,1
DA:154,0
DA:158,0
DA:161,0
DA:169,0
DA:172,0
DA:183,0
DA:184,0
DA:185,0
DA:186,0
DA:187,0
DA:189,0
DA:192,0
DA:193,0
DA:194,0
DA:195,0
DA:196,0
DA:197,0
DA:198,0
DA:204,0
DA:205,0
DA:206,0
DA:207,0
DA:214,0
DA:217,0
DA:218,0
DA:221,0
DA:223,0
DA:224,0
DA:225,0
DA:226,0
DA:229,0
DA:241,1
DA:242,1
DA:245,0
DA:252,0
DA:255,0
DA:261,0
DA:262,0
DA:263,0
DA:264,0
DA:265,0
DA:268,0
DA:276,1
DA:285,0
DA:288,0
DA:289,0
DA:292,0
DA:293,0
DA:302,1
DA:303,1
DA:304,0
DA:306,1
DA:307,1
DA:308,1
DA:309,1
DA:310,1
DA:311,1
DA:312,0
DA:313,0
DA:314,0
DA:315,1
DA:316,1
DA:317,0
DA:318,0
DA:320,1
DA:321,1
DA:322,1
DA:323,1
DA:329,1
DA:330,1
DA:331,1
DA:336,1
DA:339,0
DA:347,0
DA:348,0
DA:349,1
DA:350,1
DA:351,1
DA:352,0
DA:353,0
DA:354,0
DA:355,0
DA:356,0
DA:357,0
DA:363,0
DA:364,0
DA:365,0
DA:370,1
DA:373,0
DA:381,1
DA:382,0
DA:383,1
DA:384,1
DA:385,0
DA:386,0
DA:387,0
DA:388,1
DA:391,0
DA:397,0
DA:400,0
DA:401,0
DA:402,0
DA:403,0
DA:404,0
DA:405,0
DA:408,0
DA:409,0
DA:410,0
DA:411,0
DA:412,0
DA:415,0
DA:431,0
DA:432,0
DA:433,0
DA:434,0
DA:436,0
DA:437,0
DA:438,0
DA:445,0
DA:446,0
DA:447,0
DA:448,0
DA:449,0
DA:453,0
DA:454,0
DA:455,0
DA:458,0
DA:465,0
DA:467,0
DA:468,0
DA:470,0
DA:473,0
DA:475,0
DA:483,0
DA:484,0
DA:486,0
DA:489,0
DA:490,0
DA:491,0
DA:493,0
DA:495,0
DA:498,0
DA:499,0
DA:502,0
DA:504,0
DA:505,0
DA:506,0
DA:507,0
DA:509,0
DA:510,0
DA:512,0
DA:513,0
DA:516,0
DA:517,0
DA:518,0
DA:519,0
DA:520,0
DA:521,0
DA:523,0
DA:524,0
DA:525,0
DA:526,0
DA:527,0
DA:529,0
DA:530,0
DA:531,0
DA:534,0
DA:538,0
DA:540,0
DA:541,0
DA:542,0
DA:545,0
DA:546,0
DA:547,0
DA:548,0
DA:549,0
DA:556,0
DA:557,0
DA:558,0
DA:560,0
DA:566,0
DA:569,0
DA:584,0
DA:585,0
DA:588,0
DA:589,0
DA:592,0
DA:594,0
DA:597,0
DA:598,0
DA:599,0
DA:600,0
DA:601,0
DA:602,0
DA:603,0
DA:604,0
DA:605,0
DA:610,0
DA:611,0
DA:612,0
DA:614,0
DA:617,0
DA:634,0
DA:636,0
DA:637,0
DA:639,0
DA:642,0
DA:646,0
DA:648,0
DA:650,0
DA:651,0
DA:652,0
DA:653,0
DA:656,0
DA:660,0
DA:661,0
DA:662,0
DA:665,0
DA:667,0
DA:668,0
DA:671,0
DA:673,0
DA:674,0
DA:675,0
DA:676,0
DA:677,0
DA:678,0
DA:679,0
DA:680,0
DA:683,0
DA:686,0
DA:695,0
DA:696,0
DA:697,0
DA:698,0
DA:699,0
DA:702,0
DA:703,0
DA:704,0
DA:706,0
DA:707,0
DA:708,0
DA:710,0
DA:713,0
DA:716,0
DA:717,0
DA:718,0
DA:719,0
DA:723,0
DA:724,0
DA:725,0
DA:726,0
DA:728,0
DA:729,0
DA:731,0
DA:732,0
DA:734,0
DA:735,0
DA:737,0
DA:738,0
DA:739,0
DA:741,0
DA:742,0
DA:743,0
DA:744,0
DA:745,0
DA:747,0
DA:748,0
DA:749,0
DA:751,0
DA:752,0
DA:753,0
DA:754,0
DA:760,0
DA:761,0
DA:762,0
DA:763,0
DA:764,0
DA:765,0
DA:767,0
DA:770,0
DA:771,0
DA:774,0
DA:788,0
DA:789,0
DA:790,0
DA:791,0
DA:792,0
DA:793,0
DA:794,0
DA:796,0
DA:799,0
DA:800,0
DA:801,0
DA:802,0
DA:803,0
DA:804,0
DA:805,0
DA:806,0
DA:807,0
DA:808,0
DA:809,0
DA:810,0
DA:811,0
DA:812,0
DA:813,0
DA:815,0
DA:816,0
DA:817,0
DA:823,0
DA:826,0
DA:834,0
DA:837,0
DA:838,0
DA:848,0
DA:855,0
DA:856,0
DA:865,0
DA:872,0
DA:873,0
DA:874,0
DA:875,0
DA:877,0
DA:878,0
DA:879,0
DA:881,0
DA:883,0
DA:893,0
DA:904,0
DA:913,0
DA:919,0
DA:928,0
DA:935,0
DA:944,0
DA:947,0
DA:948,0
DA:949,0
DA:950,0
DA:953,0
DA:956,0
DA:957,0
DA:958,0
DA:959,0
DA:960,0
DA:963,0
DA:966,0
DA:967,0
DA:968,0
DA:969,0
DA:972,0
DA:984,0
DA:985,0
DA:986,0
DA:989,0
DA:1008,1
DA:1009,1
DA:1010,0
DA:1012,1
DA:1013,1
DA:1014,0
DA:1015,0
DA:1017,1
DA:1018,0
DA:1023,1
DA:1025,0
DA:1028,0
DA:1029,0
DA:1030,0
DA:1031,0
DA:1033,0
DA:1039,0
DA:1040,0
DA:1041,0
DA:1043,0
DA:1044,0
DA:1045,0
DA:1050,1
DA:1053,1
DA:1054,1
DA:1057,0
DA:1058,0
DA:1061,0
DA:1071,1
DA:1074,1
DA:1075,0
DA:1076,1
DA:1079,0
DA:1087,0
DA:1093,0
DA:1094,0
DA:1095,0
DA:1098,0
DA:1101,0
DA:1102,0
DA:1103,0
DA:1104,0
DA:1107,0
DA:1118,1
DA:1119,0
DA:1125,0
DA:1126,0
DA:1130,1
DA:1131,1
DA:1132,1
DA:1133,0
DA:1134,0
DA:1135,0
DA:1136,0
DA:1142,0
DA:1143,0
DA:1145,1
DA:1149,1
DA:1150,1
DA:1151,1
DA:1152,1
DA:1155,1
DA:1156,1
DA:1157,1
DA:1158,1
DA:1159,1
DA:1160,1
DA:1161,1
DA:1163,0
DA:1167,0
DA:1168,0
DA:1174,0
DA:1175,0
DA:1176,0
DA:1180,0
DA:1181,0
DA:1182,0
DA:1183,0
DA:1184,0
DA:1187,0
DA:1188,1
DA:1189,1
DA:1197,0
LF:509
LH:75
FN:71,72,VSCodePytestError.__init__
FNDA:0,VSCodePytestError.__init__
FN:92,103,get_test_root_path
FNDA:0,get_test_root_path
FN:106,158,pytest_load_initial_conftests
FNDA:1,pytest_load_initial_conftests
FN:161,169,pytest_internalerror
FNDA:0,pytest_internalerror
FN:172,211,pytest_exception_interact
FNDA:0,pytest_exception_interact
FN:214,226,has_symlink_parent
FNDA:0,has_symlink_parent
FN:229,242,get_absolute_test_id
FNDA:1,get_absolute_test_id
FN:245,252,pytest_keyboard_interrupt
FNDA:0,pytest_keyboard_interrupt
FN:268,282,create_test_outcome
FNDA:1,create_test_outcome
FN:293,336,pytest_report_teststatus
FNDA:1,pytest_report_teststatus
FN:348,370,pytest_runtest_protocol
FNDA:1,pytest_runtest_protocol
FN:373,388,check_skipped_wrapper
FNDA:1,check_skipped_wrapper
FN:391,405,check_skipped_condition
FNDA:0,check_skipped_condition
FN:415,566,pytest_sessionfinish
FNDA:0,pytest_sessionfinish
FN:569,614,construct_nested_folders
FNDA:0,construct_nested_folders
FN:617,683,process_parameterized_test
FNDA:0,process_parameterized_test
FN:686,771,build_test_tree
FNDA:0,build_test_tree
FN:774,823,build_nested_folders
FNDA:0,build_nested_folders
FN:826,845,create_test_node
FNDA:0,create_test_node
FN:848,862,create_session_node
FNDA:0,create_session_node
FN:865,890,create_class_node
FNDA:0,create_class_node
FN:893,910,create_parameterized_function_node
FNDA:0,create_parameterized_function_node
FN:913,925,create_file_node
FNDA:0,create_file_node
FN:928,941,create_folder_node
FNDA:0,create_folder_node
FN:972,986,cached_fsdecode
FNDA:0,cached_fsdecode
FN:989,1054,get_node_path
FNDA:1,get_node_path
FN:1061,1076,send_execution_message
FNDA:1,send_execution_message
FN:1079,1095,send_discovery_message
FNDA:0,send_discovery_message
FN:1101,1104,PathEncoder.default
FNDA:0,PathEncoder.default
FN:1107,1171,send_message
FNDA:1,send_message
FN:1176,1184,DeferPlugin.pytest_xdist_auto_num_workers
FNDA:0,DeferPlugin.pytest_xdist_auto_num_workers
FN:1187,1197,pytest_plugin_registered
FNDA:1,pytest_plugin_registered
FNF:32
FNH:10
end_of_record
SF:/Users/work/Developer/GNSS/canvodpy/canvodpy/src/canvodpy/__init__.py
DA:71,1
DA:80,1
DA:88,1
DA:91,1
DA:102,1
DA:105,1
DA:108,1
DA:132,0
DA:141,1
DA:143,0
DA:152,0
DA:153,0
DA:154,0
DA:156,0
DA:158,0
DA:159,0
DA:161,0
DA:168,1
DA:174,1
DA:219,1
DA:232,1
DA:235,1
DA:236,1
DA:237,1
DA:238,1
DA:240,1
DA:241,1
DA:243,1
DA:244,0
DA:245,0
DA:247,1
DA:248,1
DA:250,1
DA:251,0
DA:252,0
DA:254,1
DA:255,1
DA:257,1
DA:258,0
DA:259,0
DA:261,1
DA:262,1
DA:264,1
DA:265,0
DA:266,0
DA:268,1
DA:272,1
LF:47
LH:30
FN:108,132,workflow
FNDA:0,workflow
FN:141,161,__getattr__
FNDA:0,__getattr__
FN:219,268,_register_builtin_components
FNDA:1,_register_builtin_components
FNF:3
FNH:1
end_of_record
SF:/Users/work/Developer/GNSS/canvodpy/canvodpy/src/canvodpy/api.py
DA:29,1
DA:31,1
DA:43,1
DA:83,1
DA:85,0
DA:88,0
DA:89,0
DA:91,1
DA:92,1
DA:94,0
DA:96,1
DA:97,1
DA:99,0
DA:101,1
DA:102,1
DA:104,0
DA:106,1
DA:107,1
DA:109,0
DA:111,1
DA:112,1
DA:114,0
DA:116,1
DA:173,0
DA:186,1
DA:187,0
DA:188,0
DA:189,0
DA:191,1
DA:192,0
DA:195,1
DA:249,1
DA:263,0
DA:264,0
DA:266,0
DA:268,0
DA:270,0
DA:271,0
DA:274,0
DA:275,0
DA:276,0
DA:277,0
DA:278,0
DA:279,0
DA:283,0
DA:285,0
DA:286,0
DA:287,0
DA:288,0
DA:289,0
DA:290,0
DA:291,0
DA:292,0
DA:295,0
DA:296,0
DA:297,0
DA:298,0
DA:299,0
DA:300,0
DA:301,0
DA:302,0
DA:303,0
DA:304,0
DA:306,0
DA:307,0
DA:308,0
DA:309,0
DA:310,0
DA:313,0
DA:315,0
DA:321,0
DA:324,0
DA:335,0
DA:347,1
DA:349,0
DA:351,1
DA:352,0
DA:354,1
DA:355,0
DA:357,1
DA:383,0
DA:384,0
DA:387,0
DA:392,0
DA:397,0
DA:399,0
DA:400,0
DA:402,1
DA:432,0
DA:437,0
DA:439,1
DA:469,0
DA:470,0
DA:472,0
DA:474,0
DA:475,0
DA:478,0
DA:481,0
DA:482,0
DA:485,0
DA:486,0
DA:488,0
DA:495,0
DA:496,0
DA:497,0
DA:502,0
DA:504,1
DA:519,0
DA:521,1
DA:522,0
DA:535,1
DA:582,0
DA:588,0
DA:591,1
DA:638,0
DA:643,0
DA:646,1
DA:667,0
DA:668,0
LF:119
LH:30
FN:83,89,Site.__init__
FNDA:0,Site.__init__
FN:92,94,Site.receivers
FNDA:0,Site.receivers
FN:97,99,Site.active_receivers
FNDA:0,Site.active_receivers
FN:102,104,Site.vod_analyses
FNDA:0,Site.vod_analyses
FN:107,109,Site.rinex_store
FNDA:0,Site.rinex_store
FN:112,114,Site.vod_store
FNDA:0,Site.vod_store
FN:116,184,Site.pipeline
FNDA:0,Site.pipeline
FN:186,189,Site.__repr__
FNDA:0,Site.__repr__
FN:191,192,Site.__str__
FNDA:0,Site.__str__
FN:249,345,Pipeline.__init__
FNDA:0,Pipeline.__init__
FN:347,349,Pipeline.close
FNDA:0,Pipeline.close
FN:351,352,Pipeline.__enter__
FNDA:0,Pipeline.__enter__
FN:354,355,Pipeline.__exit__
FNDA:0,Pipeline.__exit__
FN:357,400,Pipeline.process_date
FNDA:0,Pipeline.process_date
FN:402,437,Pipeline.process_range
FNDA:0,Pipeline.process_range
FN:439,502,Pipeline.calculate_vod
FNDA:0,Pipeline.calculate_vod
FN:504,519,Pipeline.preview
FNDA:0,Pipeline.preview
FN:521,527,Pipeline.__repr__
FNDA:0,Pipeline.__repr__
FN:535,588,process_date
FNDA:0,process_date
FN:591,643,calculate_vod
FNDA:0,calculate_vod
FN:646,668,preview_processing
FNDA:0,preview_processing
FNF:21
FNH:0
end_of_record
SF:/Users/work/Developer/GNSS/canvodpy/canvodpy/src/canvodpy/factories.py
DA:35,1
DA:37,1
DA:38,1
DA:40,1
DA:42,1
DA:44,1
DA:47,1
DA:64,1
DA:65,1
DA:67,1
DA:68,1
DA:88,1
DA:89,0
DA:93,0
DA:95,1
DA:96,1
DA:103,1
DA:104,1
DA:134,0
DA:135,0
DA:136,0
DA:140,0
DA:142,0
DA:143,0
DA:151,0
DA:153,1
DA:154,1
DA:168,0
DA:171,1
DA:191,1
DA:194,1
DA:199,1
DA:200,1
DA:202,1
DA:203,1
DA:205,1
DA:207,1
DA:208,1
DA:234,0
DA:236,0
DA:237,0
DA:238,0
DA:239,0
DA:241,0
DA:242,0
DA:244,0
DA:245,0
DA:249,0
DA:251,0
DA:257,0
DA:259,1
DA:260,1
DA:273,0
DA:275,0
DA:276,0
DA:277,0
DA:279,0
DA:280,0
DA:281,0
DA:282,0
DA:283,0
DA:284,0
DA:286,0
DA:287,0
DA:288,0
DA:289,0
DA:290,0
DA:291,0
DA:294,1
DA:311,1
DA:313,1
DA:314,1
DA:316,1
DA:317,1
DA:319,1
DA:322,1
DA:340,1
DA:342,1
DA:343,1
DA:345,1
DA:346,1
DA:348,1
DA:351,1
DA:368,1
DA:370,1
DA:371,1
DA:373,1
DA:374,1
DA:376,1
LF:89
LH:51
FN:68,101,ComponentFactory.register
FNDA:1,ComponentFactory.register
FN:104,151,ComponentFactory.create
FNDA:0,ComponentFactory.create
FN:154,168,ComponentFactory.list_available
FNDA:0,ComponentFactory.list_available
FN:200,205,ReaderFactory._set_abc_class
FNDA:1,ReaderFactory._set_abc_class
FN:208,257,ReaderFactory.create_from_file
FNDA:0,ReaderFactory.create_from_file
FN:260,291,ReaderFactory._detect_format
FNDA:0,ReaderFactory._detect_format
FN:314,319,GridFactory._set_abc_class
FNDA:1,GridFactory._set_abc_class
FN:343,348,VODFactory._set_abc_class
FNDA:1,VODFactory._set_abc_class
FN:371,376,AugmentationFactory._set_abc_class
FNDA:1,AugmentationFactory._set_abc_class
FNF:9
FNH:5
end_of_record
SF:/Users/work/Developer/GNSS/canvodpy/canvodpy/src/canvodpy/fluent.py
DA:29,1
DA:31,1
DA:32,1
DA:34,1
DA:35,1
DA:36,1
DA:47,1
DA:55,1
DA:56,1
DA:57,0
DA:58,0
DA:60,1
DA:63,1
DA:71,1
DA:72,1
DA:73,0
DA:74,0
DA:75,0
DA:76,0
DA:78,1
DA:86,1
DA:103,1
DA:111,0
DA:114,0
DA:115,0
DA:116,0
DA:119,0
DA:120,0
DA:121,0
DA:122,0
DA:123,0
DA:124,0
DA:126,0
DA:127,0
DA:129,0
DA:135,1
DA:136,1
DA:147,0
DA:148,0
DA:150,0
DA:151,0
DA:152,0
DA:153,0
DA:156,0
DA:157,0
DA:158,0
DA:159,0
DA:161,0
DA:162,0
DA:164,0
DA:166,1
DA:167,1
DA:175,0
DA:177,0
DA:178,0
DA:179,0
DA:181,0
DA:182,0
DA:183,0
DA:184,0
DA:185,0
DA:187,0
DA:189,1
DA:190,1
DA:201,0
DA:203,0
DA:204,0
DA:205,0
DA:207,0
DA:208,0
DA:210,0
DA:211,0
DA:213,1
DA:214,1
DA:224,0
DA:225,0
DA:227,0
DA:232,0
DA:234,0
DA:235,0
DA:241,1
DA:242,1
DA:248,0
DA:249,0
DA:250,0
DA:252,1
DA:253,1
DA:255,0
DA:257,0
DA:258,0
DA:260,0
DA:261,0
DA:262,0
DA:263,0
DA:265,1
DA:266,1
DA:268,0
DA:270,0
DA:271,0
DA:272,0
DA:278,1
DA:287,0
DA:296,1
DA:297,0
DA:298,0
LF:105
LH:32
FN:47,60,step
FNDA:1,step
FN:56,58,step.wrapper
FNDA:0,step.wrapper
FN:63,78,terminal
FNDA:1,terminal
FN:72,76,terminal.wrapper
FNDA:0,terminal.wrapper
FN:103,129,FluentWorkflow.__init__
FNDA:0,FluentWorkflow.__init__
FN:136,164,FluentWorkflow.read
FNDA:0,FluentWorkflow.read
FN:167,187,FluentWorkflow.preprocess
FNDA:0,FluentWorkflow.preprocess
FN:190,211,FluentWorkflow.grid
FNDA:0,FluentWorkflow.grid
FN:214,235,FluentWorkflow.vod
FNDA:0,FluentWorkflow.vod
FN:242,250,FluentWorkflow.result
FNDA:0,FluentWorkflow.result
FN:253,263,FluentWorkflow.to_store
FNDA:0,FluentWorkflow.to_store
FN:266,272,FluentWorkflow.plot
FNDA:0,FluentWorkflow.plot
FN:278,290,FluentWorkflow.explain
FNDA:0,FluentWorkflow.explain
FN:296,298,FluentWorkflow.__repr__
FNDA:0,FluentWorkflow.__repr__
FNF:14
FNH:2
end_of_record
SF:/Users/work/Developer/GNSS/canvodpy/canvodpy/src/canvodpy/functional.py
DA:33,1
DA:35,1
DA:36,1
DA:38,1
DA:40,1
DA:41,1
DA:43,1
DA:51,1
DA:88,0
DA:90,0
DA:96,0
DA:97,0
DA:98,0
DA:101,1
DA:142,0
DA:144,0
DA:145,0
DA:147,0
DA:148,0
DA:151,1
DA:182,0
DA:184,0
DA:186,0
DA:188,0
DA:192,0
DA:195,1
DA:243,0
DA:245,0
DA:252,0
DA:254,0
DA:255,0
DA:263,1
DA:306,0
DA:309,0
DA:312,0
DA:313,0
DA:314,0
DA:316,0
DA:317,0
DA:320,1
DA:358,0
DA:361,0
DA:364,0
DA:365,0
DA:368,0
DA:370,0
DA:372,0
DA:373,0
DA:376,1
DA:414,0
DA:422,0
DA:425,0
DA:427,0
DA:430,0
DA:433,0
DA:434,0
DA:435,0
DA:437,0
DA:438,0
DA:441,1
DA:498,0
DA:506,0
DA:507,0
DA:510,0
DA:513,0
DA:514,0
DA:515,0
DA:517,0
DA:518,0
LF:69
LH:15
FN:51,98,read_rinex
FNDA:0,read_rinex
FN:101,148,create_grid
FNDA:0,create_grid
FN:151,192,assign_grid_cells
FNDA:0,assign_grid_cells
FN:195,255,calculate_vod
FNDA:0,calculate_vod
FN:263,317,read_rinex_to_file
FNDA:0,read_rinex_to_file
FN:320,373,create_grid_to_file
FNDA:0,create_grid_to_file
FN:376,438,assign_grid_cells_to_file
FNDA:0,assign_grid_cells_to_file
FN:441,518,calculate_vod_to_file
FNDA:0,calculate_vod_to_file
FNF:8
FNH:0
end_of_record
SF:/Users/work/Developer/GNSS/canvodpy/canvodpy/src/canvodpy/logging/__init__.py
DA:20,1
DA:22,1
DA:25,1
DA:28,1
DA:47,1
DA:50,1
LF:6
LH:6
FN:28,47,get_logger
FNDA:1,get_logger
FNF:1
FNH:1
end_of_record
SF:/Users/work/Developer/GNSS/canvodpy/canvodpy/src/canvodpy/logging/logging_config.py
DA:10,1
DA:11,1
DA:12,1
DA:13,1
DA:15,1
DA:17,1
DA:20,1
DA:33,1
DA:40,1
DA:41,1
DA:43,1
DA:46,1
DA:55,1
DA:57,1
DA:58,1
DA:59,1
DA:62,1
DA:63,1
DA:65,1
DA:66,1
DA:67,1
DA:68,0
DA:69,1
DA:71,1
DA:73,1
DA:75,1
DA:78,1
DA:87,1
DA:89,0
DA:90,0
DA:91,0
DA:92,0
DA:95,0
DA:102,0
DA:103,0
DA:104,0
DA:112,0
DA:113,0
DA:114,0
DA:115,0
DA:117,0
DA:118,0
DA:119,0
DA:122,0
DA:123,0
DA:124,0
DA:125,0
DA:126,0
DA:127,0
DA:128,0
DA:130,0
DA:131,0
DA:133,1
DA:136,1
DA:139,1
DA:141,0
DA:144,1
DA:147,1
DA:150,1
DA:151,0
DA:152,1
DA:153,1
DA:154,1
DA:167,0
DA:170,1
DA:173,1
DA:181,1
DA:182,1
DA:184,1
DA:187,1
DA:188,0
DA:191,1
DA:196,0
DA:199,1
DA:202,1
DA:223,1
DA:224,1
DA:225,1
DA:226,0
DA:228,0
DA:231,1
DA:232,1
DA:234,1
DA:236,1
DA:244,1
DA:245,1
DA:248,1
DA:249,1
DA:250,1
DA:251,1
DA:256,1
DA:257,1
DA:258,1
DA:265,1
DA:270,1
DA:271,1
DA:277,1
DA:278,1
DA:285,1
DA:290,1
DA:291,1
DA:298,1
DA:299,1
DA:306,1
DA:311,1
DA:312,1
DA:318,1
DA:319,1
DA:320,1
DA:327,1
DA:332,1
DA:333,1
DA:339,1
DA:340,1
DA:341,1
DA:348,1
DA:353,1
DA:354,1
DA:355,1
DA:356,1
DA:363,1
DA:364,1
DA:365,1
DA:372,1
DA:373,1
DA:378,1
DA:379,1
DA:380,1
DA:387,1
DA:390,1
DA:391,1
DA:392,1
DA:393,1
DA:394,1
DA:395,1
DA:396,1
DA:397,1
DA:400,1
DA:410,1
DA:412,1
DA:414,1
DA:418,1
DA:421,1
DA:430,0
DA:431,0
DA:432,0
DA:433,0
DA:434,0
DA:435,0
LF:149
LH:111
FN:20,43,_setup_log_directories
FNDA:1,_setup_log_directories
FN:46,75,_create_human_renderer
FNDA:1,_create_human_renderer
FN:55,73,_create_human_renderer.human_format
FNDA:1,_create_human_renderer.human_format
FN:78,133,_create_error_renderer
FNDA:1,_create_error_renderer
FN:87,131,_create_error_renderer.error_format
FNDA:0,_create_error_renderer.error_format
FN:139,141,ErrorFilter.filter
FNDA:0,ErrorFilter.filter
FN:147,167,PerformanceFilter.filter
FNDA:1,PerformanceFilter.filter
FN:173,182,ComponentFilter.__init__
FNDA:1,ComponentFilter.__init__
FN:184,199,ComponentFilter.filter
FNDA:1,ComponentFilter.filter
FN:202,414,configure_logging
FNDA:1,configure_logging
FN:421,435,get_file_logger
FNDA:0,get_file_logger
FNF:11
FNH:8
end_of_record
SF:/Users/work/Developer/GNSS/canvodpy/canvodpy/src/canvodpy/workflow.py
DA:30,1
DA:32,1
DA:33,1
DA:35,1
DA:37,1
DA:38,1
DA:39,1
DA:45,1
DA:109,1
DA:121,0
DA:122,0
DA:125,0
DA:128,0
DA:129,0
DA:130,0
DA:131,0
DA:132,0
DA:134,0
DA:135,0
DA:138,0
DA:139,0
DA:140,0
DA:142,0
DA:150,1
DA:193,0
DA:194,0
DA:197,0
DA:198,0
DA:200,0
DA:201,0
DA:202,0
DA:204,0
DA:206,0
DA:209,0
DA:212,0
DA:214,0
DA:215,0
DA:221,0
DA:222,0
DA:223,0
DA:225,0
DA:226,0
DA:228,1
DA:280,0
DA:281,0
DA:284,0
DA:285,0
DA:286,0
DA:288,0
DA:289,0
DA:292,0
DA:293,0
DA:294,0
DA:295,0
DA:297,0
DA:298,0
DA:299,0
DA:300,0
DA:303,0
DA:310,0
DA:312,0
DA:319,0
DA:321,1
DA:343,0
DA:346,0
DA:349,0
DA:355,0
DA:358,0
DA:359,0
DA:360,0
DA:361,0
DA:362,0
DA:364,0
DA:365,0
DA:367,1
DA:388,0
DA:399,0
DA:400,0
DA:402,1
DA:422,0
DA:425,0
DA:427,0
DA:429,0
DA:433,0
DA:435,1
DA:456,0
DA:457,0
DA:458,0
DA:459,0
DA:462,0
DA:464,1
DA:466,0
LF:92
LH:16
FN:109,148,VODWorkflow.__init__
FNDA:0,VODWorkflow.__init__
FN:150,226,VODWorkflow.process_date
FNDA:0,VODWorkflow.process_date
FN:228,319,VODWorkflow.calculate_vod
FNDA:0,VODWorkflow.calculate_vod
FN:321,365,VODWorkflow._load_rinex
FNDA:0,VODWorkflow._load_rinex
FN:367,400,VODWorkflow._augment_data
FNDA:0,VODWorkflow._augment_data
FN:402,433,VODWorkflow._assign_grid_cells
FNDA:0,VODWorkflow._assign_grid_cells
FN:435,462,VODWorkflow._get_rinex_path
FNDA:0,VODWorkflow._get_rinex_path
FN:464,469,VODWorkflow.__repr__
FNDA:0,VODWorkflow.__repr__
FNF:8
FNH:0
end_of_record
SF:/Users/work/Developer/GNSS/canvodpy/conftest.py
DA:3,1
DA:4,1
DA:6,1
DA:9,1
DA:10,1
DA:18,1
DA:19,1
DA:27,1
DA:28,1
DA:29,1
DA:37,1
DA:38,1
DA:45,0
DA:46,0
DA:50,0
DA:53,1
DA:54,1
DA:56,0
DA:59,1
DA:60,1
DA:62,0
DA:65,1
DA:66,1
DA:68,0
DA:71,1
DA:72,1
DA:74,0
DA:75,0
DA:76,0
DA:78,0
DA:83,0
DA:84,0
DA:85,0
DA:88,1
DA:89,1
DA:91,0
DA:92,0
DA:93,0
DA:95,0
DA:100,0
DA:101,0
DA:102,0
DA:105,1
DA:106,1
DA:108,0
DA:111,1
DA:112,1
DA:114,0
DA:117,1
DA:118,1
DA:120,0
DA:123,1
DA:124,1
DA:126,0
DA:127,0
DA:128,0
DA:129,0
DA:130,0
DA:131,0
DA:132,0
DA:135,1
DA:136,1
DA:138,0
DA:139,0
DA:140,0
DA:141,0
DA:142,0
DA:143,0
DA:144,0
DA:148,1
DA:158,1
DA:159,1
DA:166,0
DA:167,0
DA:170,0
DA:173,1
DA:174,1
DA:176,0
DA:179,1
DA:180,1
DA:182,0
DA:185,1
DA:186,1
DA:188,0
DA:191,1
DA:192,1
DA:194,0
DA:195,0
DA:196,0
DA:198,0
DA:203,0
DA:204,0
DA:205,0
DA:208,1
DA:209,1
DA:211,0
DA:212,0
DA:213,0
DA:215,0
DA:220,0
DA:221,0
DA:222,0
DA:225,1
DA:226,1
DA:228,0
DA:229,0
DA:230,0
DA:231,0
DA:234,1
DA:235,1
DA:237,0
DA:238,0
DA:239,0
DA:240,0
DA:244,1
LF:115
LH:50
FN:19,29,_suppress_dask_shutdown_noise
FNDA:1,_suppress_dask_shutdown_noise
FN:38,50,test_data_dir
FNDA:0,test_data_dir
FN:54,56,valid_test_data_dir
FNDA:0,valid_test_data_dir
FN:60,62,valid_rinex_dir
FNDA:0,valid_rinex_dir
FN:66,68,valid_aux_dir
FNDA:0,valid_aux_dir
FN:72,85,rosalia_reference_test_rinex
FNDA:0,rosalia_reference_test_rinex
FN:89,102,rosalia_canopy_test_rinex
FNDA:0,rosalia_canopy_test_rinex
FN:106,108,corrupted_rinex_dir
FNDA:0,corrupted_rinex_dir
FN:112,114,corrupted_aux_dir
FNDA:0,corrupted_aux_dir
FN:118,120,edge_case_dir
FNDA:0,edge_case_dir
FN:124,132,sample_sp3_file
FNDA:0,sample_sp3_file
FN:136,144,sample_clk_file
FNDA:0,sample_clk_file
FN:159,170,demo_dir
FNDA:0,demo_dir
FN:174,176,demo_data_dir
FNDA:0,demo_data_dir
FN:180,182,demo_rosalia_dir
FNDA:0,demo_rosalia_dir
FN:186,188,demo_aux_dir
FNDA:0,demo_aux_dir
FN:192,205,demo_rosalia_reference
FNDA:0,demo_rosalia_reference
FN:209,222,demo_rosalia_canopy
FNDA:0,demo_rosalia_canopy
FN:226,231,demo_rosalia_reference_day
FNDA:0,demo_rosalia_reference_day
FN:235,240,demo_rosalia_canopy_day
FNDA:0,demo_rosalia_canopy_day
FNF:20
FNH:1
end_of_record
SF:/Users/work/Developer/GNSS/canvodpy/packages/canvod-auxiliary/src/canvod/auxiliary/__init__.py
DA:9,1
DA:12,1
DA:13,1
DA:14,1
DA:17,1
DA:20,1
DA:31,1
DA:34,1
DA:42,1
DA:54,1
DA:65,1
DA:67,1
DA:112,1
DA:113,1
DA:115,1
DA:116,1
DA:117,0
DA:118,0
DA:121,1
DA:122,1
DA:130,1
DA:137,1
DA:138,1
DA:139,1
DA:140,0
DA:141,0
LF:26
LH:22
end_of_record
SF:/Users/work/Developer/GNSS/canvodpy/packages/canvod-auxiliary/src/canvod/auxiliary/_internal/__init__.py
DA:10,1
DA:11,1
DA:12,1
DA:14,1
LF:4
LH:4
end_of_record
SF:/Users/work/Developer/GNSS/canvodpy/packages/canvod-auxiliary/src/canvod/auxiliary/_internal/logger.py
DA:7,1
DA:10,1
DA:29,1
DA:30,0
DA:31,1
LF:5
LH:4
FN:10,31,get_logger
FNDA:1,get_logger
FNF:1
FNH:1
end_of_record
SF:/Users/work/Developer/GNSS/canvodpy/packages/canvod-auxiliary/src/canvod/auxiliary/_internal/units.py
DA:8,1
DA:11,1
DA:15,1
DA:16,0
DA:19,1
LF:5
LH:4
end_of_record
SF:/Users/work/Developer/GNSS/canvodpy/packages/canvod-auxiliary/src/canvod/auxiliary/augmentation.py
DA:16,1
DA:17,1
DA:19,1
DA:20,1
DA:22,1
DA:23,1
DA:24,1
DA:36,1
DA:54,1
DA:61,0
DA:62,0
DA:63,0
DA:64,0
DA:65,0
DA:67,1
DA:85,0
DA:86,0
DA:90,0
DA:92,1
DA:100,0
DA:101,0
DA:103,1
DA:104,0
DA:112,1
DA:129,1
DA:131,0
DA:132,0
DA:134,1
DA:135,1
DA:157,0
DA:159,1
DA:160,1
DA:168,0
DA:170,1
DA:171,0
DA:174,1
DA:186,1
DA:187,0
DA:189,1
DA:191,0
DA:193,1
DA:201,0
DA:204,0
DA:205,0
DA:206,0
DA:207,0
DA:209,0
DA:210,0
DA:213,0
DA:214,0
DA:215,0
DA:218,0
DA:221,0
DA:223,0
DA:227,0
DA:230,1
DA:241,1
DA:242,0
DA:244,1
DA:246,0
DA:248,1
DA:275,0
DA:281,0
DA:282,0
DA:287,0
DA:288,0
DA:293,0
DA:296,1
DA:320,1
DA:325,0
DA:326,0
DA:327,0
DA:328,0
DA:330,0
DA:335,1
DA:337,0
DA:342,1
DA:350,0
DA:351,0
DA:353,1
DA:381,0
DA:386,0
DA:387,0
DA:388,0
DA:393,0
DA:396,0
DA:403,0
DA:404,0
DA:405,0
DA:407,0
DA:408,0
DA:409,0
DA:415,0
DA:417,0
DA:418,0
DA:421,0
DA:423,0
DA:428,0
DA:430,1
DA:443,0
DA:445,0
DA:446,0
DA:449,0
DA:450,0
DA:451,0
DA:454,0
DA:457,0
DA:459,0
DA:463,0
DA:465,1
DA:466,0
DA:473,1
DA:487,1
DA:489,0
DA:490,0
DA:491,0
DA:494,0
DA:501,0
DA:502,0
DA:505,0
DA:506,0
DA:507,0
DA:527,1
DA:529,0
DA:530,0
DA:531,0
DA:534,0
DA:541,0
DA:542,0
DA:544,0
DA:545,0
DA:547,0
DA:549,0
DA:550,0
DA:554,0
DA:555,0
DA:558,0
DA:573,0
DA:576,0
DA:578,0
DA:579,0
DA:580,0
DA:581,0
DA:584,1
DA:586,0
DA:587,0
DA:588,0
DA:590,0
DA:597,0
DA:598,0
DA:601,0
DA:603,0
DA:606,0
DA:612,0
DA:613,0
DA:623,0
DA:631,0
DA:634,0
DA:640,1
DA:642,0
DA:643,0
DA:644,0
DA:646,0
DA:699,1
DA:701,0
DA:702,0
DA:703,0
DA:705,0
DA:711,0
DA:712,0
DA:715,0
DA:716,0
DA:719,0
DA:720,0
DA:721,0
DA:723,0
DA:724,0
DA:726,0
DA:727,0
DA:728,0
DA:729,0
DA:738,0
DA:740,0
DA:741,0
DA:743,0
DA:744,0
DA:745,0
DA:746,0
DA:749,1
DA:751,0
DA:753,0
DA:755,0
DA:756,0
DA:757,0
DA:759,0
DA:760,0
DA:761,0
DA:763,0
DA:764,0
DA:765,0
DA:766,0
DA:767,0
DA:769,0
DA:770,0
DA:771,0
LF:205
LH:41
FN:54,65,AugmentationContext.__init__
FNDA:0,AugmentationContext.__init__
FN:67,90,AugmentationContext.get_matched_dataset
FNDA:0,AugmentationContext.get_matched_dataset
FN:92,101,AugmentationContext.set_receiver_position
FNDA:0,AugmentationContext.set_receiver_position
FN:103,109,AugmentationContext.__repr__
FNDA:0,AugmentationContext.__repr__
FN:129,132,AugmentationStep.__init__
FNDA:0,AugmentationStep.__init__
FN:135,157,AugmentationStep.augment
FNDA:0,AugmentationStep.augment
FN:160,168,AugmentationStep.get_required_aux_files
FNDA:0,AugmentationStep.get_required_aux_files
FN:170,171,AugmentationStep.__repr__
FNDA:0,AugmentationStep.__repr__
FN:186,187,SphericalCoordinateAugmentation.__init__
FNDA:0,SphericalCoordinateAugmentation.__init__
FN:189,191,SphericalCoordinateAugmentation.get_required_aux_files
FNDA:0,SphericalCoordinateAugmentation.get_required_aux_files
FN:193,227,SphericalCoordinateAugmentation.augment
FNDA:0,SphericalCoordinateAugmentation.augment
FN:241,242,ClockCorrectionAugmentation.__init__
FNDA:0,ClockCorrectionAugmentation.__init__
FN:244,246,ClockCorrectionAugmentation.get_required_aux_files
FNDA:0,ClockCorrectionAugmentation.get_required_aux_files
FN:248,293,ClockCorrectionAugmentation.augment
FNDA:0,ClockCorrectionAugmentation.augment
FN:320,333,AuxDataAugmenter.__init__
FNDA:0,AuxDataAugmenter.__init__
FN:335,340,AuxDataAugmenter._get_default_steps
FNDA:0,AuxDataAugmenter._get_default_steps
FN:342,351,AuxDataAugmenter.add_step
FNDA:0,AuxDataAugmenter.add_step
FN:353,428,AuxDataAugmenter.augment_dataset
FNDA:0,AuxDataAugmenter.augment_dataset
FN:430,463,AuxDataAugmenter._match_datasets
FNDA:0,AuxDataAugmenter._match_datasets
FN:465,470,AuxDataAugmenter.__repr__
FNDA:0,AuxDataAugmenter.__repr__
FN:487,507,example_basic_augmentation
FNDA:0,example_basic_augmentation
FN:527,581,example_custom_augmentation_step
FNDA:0,example_custom_augmentation_step
FN:541,542,example_custom_augmentation_step.ElevationAugmentation.__init__
FNDA:0,example_custom_augmentation_step.ElevationAugmentation.__init__
FN:544,545,example_custom_augmentation_step.ElevationAugmentation.get_required_aux_files
FNDA:0,example_custom_augmentation_step.ElevationAugmentation.get_required_aux_files
FN:547,576,example_custom_augmentation_step.ElevationAugmentation.augment
FNDA:0,example_custom_augmentation_step.ElevationAugmentation.augment
FN:584,634,example_augmentation_pipeline
FNDA:0,example_augmentation_pipeline
FN:640,696,example_integration_with_icechunk
FNDA:0,example_integration_with_icechunk
FN:699,746,example_adding_custom_steps
FNDA:0,example_adding_custom_steps
FN:720,721,example_adding_custom_steps.ElevationAugmentation.__init__
FNDA:0,example_adding_custom_steps.ElevationAugmentation.__init__
FN:723,724,example_adding_custom_steps.ElevationAugmentation.get_required_aux_files
FNDA:0,example_adding_custom_steps.ElevationAugmentation.get_required_aux_files
FN:726,738,example_adding_custom_steps.ElevationAugmentation.augment
FNDA:0,example_adding_custom_steps.ElevationAugmentation.augment
FNF:31
FNH:0
end_of_record
SF:/Users/work/Developer/GNSS/canvodpy/packages/canvod-auxiliary/src/canvod/auxiliary/clock/__init__.py
DA:7,1
DA:12,1
DA:13,1
DA:18,1
LF:4
LH:4
end_of_record
SF:/Users/work/Developer/GNSS/canvodpy/packages/canvod-auxiliary/src/canvod/auxiliary/clock/parser.py
DA:14,1
DA:15,1
DA:16,1
DA:18,1
DA:21,1
DA:39,0
DA:41,0
DA:42,0
DA:43,0
DA:44,0
DA:46,0
DA:47,0
DA:48,0
DA:49,0
DA:50,0
DA:51,0
DA:53,0
DA:56,1
DA:82,0
DA:83,0
DA:84,0
DA:85,0
DA:87,0
DA:88,0
DA:89,0
DA:92,0
DA:102,0
DA:103,0
DA:104,0
DA:106,0
DA:107,0
DA:110,0
DA:111,0
DA:114,0
DA:115,0
DA:116,0
DA:119,0
DA:120,0
DA:123,0
DA:124,0
DA:125,0
DA:126,0
DA:128,0
DA:131,1
DA:146,0
DA:148,0
DA:151,0
DA:153,0
LF:48
LH:7
FN:21,53,parse_clk_header
FNDA:0,parse_clk_header
FN:56,128,parse_clk_data
FNDA:0,parse_clk_data
FN:131,153,parse_clk_file
FNDA:0,parse_clk_file
FNF:3
FNH:0
end_of_record
SF:/Users/work/Developer/GNSS/canvodpy/packages/canvod-auxiliary/src/canvod/auxiliary/clock/reader.py
DA:7,1
DA:9,1
DA:10,1
DA:11,1
DA:12,1
DA:14,1
DA:15,1
DA:16,1
DA:17,1
DA:18,1
DA:23,1
DA:24,1
DA:27,1
DA:28,1
DA:58,1
DA:59,1
DA:60,1
DA:61,1
DA:62,1
DA:63,1
DA:65,1
DA:67,0
DA:68,0
DA:69,0
DA:70,0
DA:72,1
DA:74,0
DA:78,0
DA:80,1
DA:97,0
DA:100,0
DA:102,0
DA:104,1
DA:117,0
DA:118,0
DA:121,0
DA:124,0
DA:129,0
DA:130,0
DA:133,0
DA:140,0
DA:141,0
DA:142,0
DA:143,0
DA:144,0
DA:148,1
DA:161,0
DA:164,0
DA:166,0
DA:167,0
DA:170,0
DA:179,0
DA:180,0
DA:182,0
DA:184,1
DA:199,0
DA:211,0
DA:218,0
LF:58
LH:26
FN:65,70,ClkFile.__post_init__
FNDA:0,ClkFile.__post_init__
FN:72,78,ClkFile.get_interpolation_strategy
FNDA:0,ClkFile.get_interpolation_strategy
FN:80,102,ClkFile.generate_filename_based_on_type
FNDA:0,ClkFile.generate_filename_based_on_type
FN:104,146,ClkFile.download_aux_file
FNDA:0,ClkFile.download_aux_file
FN:148,182,ClkFile.read_file
FNDA:0,ClkFile.read_file
FN:184,218,ClkFile._prepare_dataset
FNDA:0,ClkFile._prepare_dataset
FNF:6
FNH:0
end_of_record
SF:/Users/work/Developer/GNSS/canvodpy/packages/canvod-auxiliary/src/canvod/auxiliary/clock/validator.py
DA:7,1
DA:8,1
DA:11,1
DA:37,0
DA:40,0
DA:43,0
DA:44,0
DA:46,0
DA:48,0
DA:49,0
DA:50,0
DA:51,0
DA:53,0
DA:55,0
DA:57,0
DA:58,0
DA:59,0
DA:61,0
DA:62,0
DA:64,0
DA:65,0
DA:67,0
DA:69,0
DA:72,1
DA:87,0
DA:90,0
DA:91,0
DA:94,0
DA:95,0
DA:98,0
DA:99,0
DA:101,0
LF:32
LH:4
FN:11,69,validate_clk_dataset
FNDA:0,validate_clk_dataset
FN:72,101,check_clk_data_quality
FNDA:0,check_clk_data_quality
FNF:2
FNH:0
end_of_record
SF:/Users/work/Developer/GNSS/canvodpy/packages/canvod-auxiliary/src/canvod/auxiliary/container.py
DA:3,1
DA:5,1
DA:6,1
DA:7,1
DA:8,1
DA:11,1
DA:12,1
DA:27,1
DA:28,1
DA:31,1
DA:32,1
DA:53,1
DA:54,1
DA:55,1
DA:56,1
DA:57,1
LF:16
LH:16
end_of_record
SF:/Users/work/Developer/GNSS/canvodpy/packages/canvod-auxiliary/src/canvod/auxiliary/core/__init__.py
DA:3,1
DA:4,1
DA:6,1
LF:3
LH:3
end_of_record
SF:/Users/work/Developer/GNSS/canvodpy/packages/canvod-auxiliary/src/canvod/auxiliary/core/base.py
DA:3,1
DA:4,1
DA:5,1
DA:6,1
DA:8,1
DA:9,1
DA:10,1
DA:12,1
DA:13,1
DA:14,1
DA:17,1
DA:18,1
DA:41,1
DA:42,1
DA:43,1
DA:44,1
DA:45,1
DA:46,1
DA:47,1
DA:48,1
DA:49,1
DA:50,1
DA:52,1
DA:57,0
DA:58,0
DA:59,0
DA:60,0
DA:62,0
DA:63,0
DA:65,0
DA:67,1
DA:68,1
DA:99,0
DA:100,0
DA:109,1
DA:110,1
DA:130,0
DA:131,0
DA:133,0
DA:134,0
DA:135,0
DA:137,0
DA:147,1
DA:169,0
DA:170,0
DA:171,0
DA:173,1
DA:174,1
DA:182,0
DA:184,1
DA:185,1
DA:187,0
DA:189,1
DA:190,1
DA:192,0
DA:193,0
DA:194,0
DA:195,0
DA:196,0
DA:198,1
DA:206,0
DA:207,0
DA:208,0
DA:209,0
DA:210,0
DA:212,0
DA:213,0
DA:215,1
DA:216,1
DA:218,0
DA:220,1
DA:221,1
DA:223,0
LF:73
LH:39
FN:52,65,AuxFile.__post_init__
FNDA:0,AuxFile.__post_init__
FN:68,107,AuxFile.from_datetime_date
FNDA:0,AuxFile.from_datetime_date
FN:110,145,AuxFile.from_file
FNDA:0,AuxFile.from_file
FN:147,171,AuxFile.download_file
FNDA:0,AuxFile.download_file
FN:174,182,AuxFile.read_file
FNDA:0,AuxFile.read_file
FN:185,187,AuxFile.get_interpolation_strategy
FNDA:0,AuxFile.get_interpolation_strategy
FN:190,196,AuxFile.data
FNDA:0,AuxFile.data
FN:198,213,AuxFile.check_file_exists
FNDA:0,AuxFile.check_file_exists
FN:216,218,AuxFile.generate_filename_based_on_type
FNDA:0,AuxFile.generate_filename_based_on_type
FN:221,223,AuxFile.download_aux_file
FNDA:0,AuxFile.download_aux_file
FNF:10
FNH:0
end_of_record
SF:/Users/work/Developer/GNSS/canvodpy/packages/canvod-auxiliary/src/canvod/auxiliary/core/downloader.py
DA:3,1
DA:4,1
DA:5,1
DA:6,1
DA:7,1
DA:8,1
DA:9,1
DA:10,1
DA:11,1
DA:13,1
DA:22,1
DA:24,1
DA:27,1
DA:29,0
DA:38,1
DA:41,1
DA:42,1
DA:64,0
DA:67,1
DA:78,1
DA:79,1
DA:81,1
DA:87,0
DA:88,0
DA:90,0
DA:91,0
DA:93,0
DA:94,0
DA:95,0
DA:100,0
DA:101,0
DA:102,0
DA:103,0
DA:105,0
DA:107,0
DA:109,1
DA:131,0
DA:132,0
DA:134,0
DA:141,0
DA:142,0
DA:143,0
DA:144,0
DA:146,0
DA:153,0
DA:154,0
DA:156,0
DA:157,0
DA:162,0
DA:167,0
DA:168,0
DA:175,0
DA:177,0
DA:178,0
DA:179,0
DA:184,0
DA:196,0
DA:197,0
DA:198,0
DA:199,0
DA:201,0
DA:203,0
DA:204,0
DA:209,0
DA:210,0
DA:212,0
DA:220,0
DA:221,0
DA:223,0
DA:224,0
DA:229,0
DA:230,0
DA:231,0
DA:233,0
DA:237,1
DA:239,0
DA:241,0
DA:242,0
DA:244,0
DA:245,0
DA:247,0
DA:248,0
DA:249,0
DA:250,0
DA:252,0
DA:254,0
DA:255,0
DA:256,0
DA:257,0
DA:258,0
DA:260,0
DA:262,0
DA:264,1
DA:266,0
DA:267,0
DA:273,0
DA:274,0
DA:275,0
DA:276,0
DA:278,0
DA:279,0
DA:280,0
DA:281,0
DA:283,0
DA:284,0
DA:285,0
DA:286,0
DA:287,0
DA:288,0
DA:292,0
DA:293,0
DA:295,0
DA:296,0
DA:297,0
DA:298,0
DA:299,0
DA:300,0
DA:301,0
DA:302,0
DA:303,0
DA:304,0
DA:306,0
DA:308,0
DA:309,0
DA:310,0
DA:312,0
DA:314,0
DA:316,0
DA:317,0
DA:318,0
DA:319,0
DA:320,0
DA:322,0
DA:324,0
DA:326,1
DA:340,0
DA:341,0
DA:351,0
DA:352,0
DA:355,0
DA:357,0
DA:363,0
DA:364,0
DA:367,0
DA:368,0
DA:369,0
DA:371,0
DA:373,1
DA:375,0
DA:376,0
DA:377,0
DA:379,1
DA:381,0
DA:382,0
DA:383,0
LF:155
LH:26
FN:27,35,_download_progress
FNDA:0,_download_progress
FN:42,64,FileDownloader.download
FNDA:0,FileDownloader.download
FN:81,107,FtpDownloader.__init__
FNDA:0,FtpDownloader.__init__
FN:109,235,FtpDownloader.download
FNDA:0,FtpDownloader.download
FN:237,262,FtpDownloader._try_download_url
FNDA:0,FtpDownloader._try_download_url
FN:264,324,FtpDownloader._download_from_nasa_cddis
FNDA:0,FtpDownloader._download_from_nasa_cddis
FN:308,310,FtpDownloader._download_from_nasa_cddis.write_callback
FNDA:0,FtpDownloader._download_from_nasa_cddis.write_callback
FN:326,371,FtpDownloader._is_network_error
FNDA:0,FtpDownloader._is_network_error
FN:373,377,FtpDownloader._construct_alternate_url
FNDA:0,FtpDownloader._construct_alternate_url
FN:379,383,FtpDownloader._construct_nasa_cddis_url
FNDA:0,FtpDownloader._construct_nasa_cddis_url
FNF:10
FNH:0
end_of_record
SF:/Users/work/Developer/GNSS/canvodpy/packages/canvod-auxiliary/src/canvod/auxiliary/ephemeris/__init__.py
DA:7,1
DA:8,1
DA:9,1
DA:11,1
LF:4
LH:4
end_of_record
SF:/Users/work/Developer/GNSS/canvodpy/packages/canvod-auxiliary/src/canvod/auxiliary/ephemeris/parser.py
DA:3,1
DA:4,1
DA:5,1
DA:7,1
DA:8,1
DA:10,1
DA:13,1
DA:27,1
DA:29,0
DA:30,0
DA:32,1
DA:47,0
DA:48,0
DA:50,0
DA:51,0
DA:52,0
DA:53,0
DA:55,0
DA:57,0
DA:58,0
DA:59,0
DA:60,0
DA:61,0
DA:62,0
DA:65,0
DA:66,0
DA:67,0
DA:68,0
DA:69,0
DA:71,0
DA:72,0
DA:73,0
DA:75,0
DA:76,0
DA:77,0
DA:79,0
DA:89,0
DA:90,0
DA:93,0
DA:94,0
DA:95,0
DA:97,0
DA:98,0
DA:99,0
DA:101,0
DA:102,0
DA:103,0
DA:104,0
DA:105,0
DA:108,0
DA:109,0
DA:110,0
DA:112,0
DA:113,0
DA:114,0
DA:115,0
DA:118,0
DA:131,0
DA:132,0
DA:133,0
DA:135,0
DA:137,1
DA:155,0
DA:156,0
DA:165,1
DA:185,0
DA:186,0
DA:187,0
DA:189,0
DA:190,0
DA:191,0
DA:193,0
DA:194,0
DA:195,0
DA:196,0
DA:197,0
DA:198,0
DA:200,1
DA:202,0
LF:79
LH:12
FN:27,30,Sp3Parser.__init__
FNDA:0,Sp3Parser.__init__
FN:32,135,Sp3Parser.parse
FNDA:0,Sp3Parser.parse
FN:137,163,Sp3Parser._parse_epoch_line
FNDA:0,Sp3Parser._parse_epoch_line
FN:165,198,Sp3Parser._parse_coordinate
FNDA:0,Sp3Parser._parse_coordinate
FN:200,227,Sp3Parser._get_variable_attributes
FNDA:0,Sp3Parser._get_variable_attributes
FNF:5
FNH:0
end_of_record
SF:/Users/work/Developer/GNSS/canvodpy/packages/canvod-auxiliary/src/canvod/auxiliary/ephemeris/reader.py
DA:3,1
DA:5,1
DA:6,1
DA:7,1
DA:8,1
DA:10,1
DA:11,1
DA:12,1
DA:13,1
DA:14,1
DA:19,1
DA:22,1
DA:23,1
DA:53,1
DA:54,1
DA:55,1
DA:56,1
DA:57,1
DA:58,1
DA:59,1
DA:60,1
DA:62,1
DA:64,0
DA:65,0
DA:66,0
DA:69,0
DA:71,0
DA:73,1
DA:75,0
DA:79,0
DA:81,1
DA:88,0
DA:89,0
DA:90,0
DA:92,0
DA:94,1
DA:104,0
DA:105,0
DA:108,0
DA:113,0
DA:114,0
DA:116,0
DA:123,0
DA:124,0
DA:125,0
DA:126,0
DA:127,0
DA:131,1
DA:147,0
DA:148,0
DA:151,0
DA:152,0
DA:154,0
DA:155,0
DA:158,0
DA:161,0
DA:162,0
DA:164,0
DA:166,1
DA:168,0
DA:178,0
DA:180,1
DA:197,0
DA:198,0
DA:201,0
DA:202,0
DA:203,0
DA:206,0
DA:207,0
DA:208,0
DA:211,0
DA:212,0
DA:213,0
DA:216,0
DA:217,0
DA:218,0
DA:221,0
DA:222,0
DA:223,0
DA:224,0
DA:227,0
DA:234,0
DA:235,0
DA:236,0
DA:238,0
DA:240,1
DA:245,0
DA:252,0
LF:88
LH:29
FN:62,71,Sp3File.__post_init__
FNDA:0,Sp3File.__post_init__
FN:73,79,Sp3File.get_interpolation_strategy
FNDA:0,Sp3File.get_interpolation_strategy
FN:81,92,Sp3File.generate_filename_based_on_type
FNDA:0,Sp3File.generate_filename_based_on_type
FN:94,129,Sp3File.download_aux_file
FNDA:0,Sp3File.download_aux_file
FN:131,164,Sp3File.read_file
FNDA:0,Sp3File.read_file
FN:166,178,Sp3File._add_metadata
FNDA:0,Sp3File._add_metadata
FN:180,238,Sp3File.compute_velocity
FNDA:0,Sp3File.compute_velocity
FN:240,274,Sp3File._get_velocity_attributes
FNDA:0,Sp3File._get_velocity_attributes
FNF:8
FNH:0
end_of_record
SF:/Users/work/Developer/GNSS/canvodpy/packages/canvod-auxiliary/src/canvod/auxiliary/ephemeris/validator.py
DA:3,1
DA:5,1
DA:7,1
DA:10,1
DA:23,1
DA:25,0
DA:26,0
DA:27,0
DA:35,1
DA:43,0
DA:44,0
DA:45,0
DA:47,0
DA:49,1
DA:51,0
DA:52,0
DA:54,0
DA:55,0
DA:57,1
DA:59,0
DA:60,0
DA:62,0
DA:63,0
DA:65,1
DA:67,0
DA:68,0
DA:71,0
DA:72,0
DA:73,0
DA:74,0
DA:76,0
DA:77,0
DA:81,0
DA:82,0
DA:86,1
DA:88,0
LF:36
LH:10
FN:23,33,Sp3Validator.__init__
FNDA:0,Sp3Validator.__init__
FN:35,47,Sp3Validator.validate
FNDA:0,Sp3Validator.validate
FN:49,55,Sp3Validator._check_required_variables
FNDA:0,Sp3Validator._check_required_variables
FN:57,63,Sp3Validator._check_required_coordinates
FNDA:0,Sp3Validator._check_required_coordinates
FN:65,84,Sp3Validator._check_data_quality
FNDA:0,Sp3Validator._check_data_quality
FN:86,88,Sp3Validator.get_summary
FNDA:0,Sp3Validator.get_summary
FNF:6
FNH:0
end_of_record
SF:/Users/work/Developer/GNSS/canvodpy/packages/canvod-auxiliary/src/canvod/auxiliary/interpolation/__init__.py
DA:3,1
DA:13,1
LF:2
LH:2
end_of_record
SF:/Users/work/Developer/GNSS/canvodpy/packages/canvod-auxiliary/src/canvod/auxiliary/interpolation/interpolator.py
DA:10,1
DA:11,1
DA:12,1
DA:13,1
DA:15,1
DA:16,1
DA:17,1
DA:18,1
DA:19,1
DA:22,1
DA:25,1
DA:27,0
DA:30,1
DA:31,1
DA:42,1
DA:43,1
DA:46,1
DA:47,1
DA:58,1
DA:59,1
DA:62,1
DA:63,1
DA:72,1
DA:74,1
DA:75,1
DA:90,0
DA:92,1
DA:94,0
DA:100,1
DA:101,1
DA:118,1
DA:120,1
DA:122,0
DA:123,0
DA:124,0
DA:126,1
DA:131,0
DA:132,0
DA:134,0
DA:137,0
DA:143,0
DA:150,0
DA:151,0
DA:152,0
DA:158,0
DA:165,0
DA:166,0
DA:167,0
DA:168,0
DA:183,0
DA:184,0
DA:187,0
DA:188,0
DA:189,0
DA:190,0
DA:192,0
DA:193,0
DA:194,0
DA:195,0
DA:197,0
DA:199,1
DA:231,0
DA:233,0
DA:234,0
DA:237,0
DA:238,0
DA:239,0
DA:240,0
DA:241,0
DA:244,0
DA:245,0
DA:246,0
DA:247,0
DA:249,1
DA:253,0
DA:256,1
DA:257,1
DA:273,1
DA:275,1
DA:278,0
DA:279,0
DA:281,0
DA:284,0
DA:290,0
DA:297,0
DA:303,0
DA:304,0
DA:307,0
DA:308,0
DA:309,0
DA:312,0
DA:313,0
DA:314,0
DA:315,0
DA:326,0
DA:327,0
DA:329,0
DA:330,0
DA:331,0
DA:333,0
DA:335,1
DA:362,0
DA:365,0
DA:366,0
DA:369,0
DA:370,0
DA:371,0
DA:373,0
DA:374,0
DA:377,0
DA:378,0
DA:381,0
DA:382,0
DA:383,0
DA:385,0
DA:386,0
DA:389,0
DA:390,0
DA:391,0
DA:394,0
DA:397,0
DA:399,0
DA:402,1
DA:423,0
DA:424,0
DA:426,0
DA:427,0
DA:428,0
DA:429,0
DA:430,0
DA:431,0
DA:433,0
LF:132
LH:38
FN:25,27,InterpolatorConfig.to_dict
FNDA:0,InterpolatorConfig.to_dict
FN:75,90,Interpolator.interpolate
FNDA:0,Interpolator.interpolate
FN:92,97,Interpolator.to_attrs
FNDA:0,Interpolator.to_attrs
FN:120,124,Sp3InterpolationStrategy.interpolate
FNDA:0,Sp3InterpolationStrategy.interpolate
FN:126,197,Sp3InterpolationStrategy._interpolate_with_velocities
FNDA:0,Sp3InterpolationStrategy._interpolate_with_velocities
FN:199,247,Sp3InterpolationStrategy._interpolate_sat
FNDA:0,Sp3InterpolationStrategy._interpolate_sat
FN:249,253,Sp3InterpolationStrategy._interpolate_positions_only
FNDA:0,Sp3InterpolationStrategy._interpolate_positions_only
FN:275,333,ClockInterpolationStrategy.interpolate
FNDA:0,ClockInterpolationStrategy.interpolate
FN:335,399,ClockInterpolationStrategy._interpolate_sat_clock
FNDA:0,ClockInterpolationStrategy._interpolate_sat_clock
FN:402,433,create_interpolator_from_attrs
FNDA:0,create_interpolator_from_attrs
FNF:10
FNH:0
end_of_record
SF:/Users/work/Developer/GNSS/canvodpy/packages/canvod-auxiliary/src/canvod/auxiliary/matching/__init__.py
DA:3,1
DA:5,1
LF:2
LH:2
end_of_record
SF:/Users/work/Developer/GNSS/canvodpy/packages/canvod-auxiliary/src/canvod/auxiliary/matching/dataset_matcher.py
DA:9,1
DA:11,1
DA:13,1
DA:16,1
DA:56,1
DA:95,0
DA:97,0
DA:98,0
DA:102,0
DA:104,1
DA:128,0
DA:129,0
DA:131,0
DA:133,0
DA:134,0
DA:135,0
DA:137,1
DA:152,0
DA:153,0
DA:155,1
DA:172,0
DA:173,0
DA:180,1
DA:193,0
DA:194,0
DA:196,1
DA:222,0
DA:224,0
DA:225,0
DA:227,0
DA:229,0
DA:234,0
DA:235,0
DA:236,0
DA:241,0
DA:246,0
DA:247,0
DA:251,0
LF:38
LH:10
FN:56,102,DatasetMatcher.match_datasets
FNDA:0,DatasetMatcher.match_datasets
FN:104,135,DatasetMatcher._validate_inputs
FNDA:0,DatasetMatcher._validate_inputs
FN:137,153,DatasetMatcher._validate_dimensions
FNDA:0,DatasetMatcher._validate_dimensions
FN:155,178,DatasetMatcher._validate_interpolation_config
FNDA:0,DatasetMatcher._validate_interpolation_config
FN:180,194,DatasetMatcher._get_temporal_interval
FNDA:0,DatasetMatcher._get_temporal_interval
FN:196,251,DatasetMatcher._match_temporal_resolution
FNDA:0,DatasetMatcher._match_temporal_resolution
FNF:6
FNH:0
end_of_record
SF:/Users/work/Developer/GNSS/canvodpy/packages/canvod-auxiliary/src/canvod/auxiliary/pipeline.py
DA:8,1
DA:9,1
DA:11,1
DA:12,1
DA:14,1
DA:15,1
DA:16,1
DA:17,1
DA:19,1
DA:20,1
DA:23,1
DA:51,1
DA:61,0
DA:62,0
DA:63,0
DA:64,0
DA:65,0
DA:66,0
DA:71,0
DA:76,1
DA:95,0
DA:96,0
DA:103,0
DA:109,0
DA:117,1
DA:129,0
DA:131,0
DA:132,0
DA:138,0
DA:139,0
DA:141,0
DA:142,0
DA:143,0
DA:145,0
DA:147,0
DA:148,0
DA:155,0
DA:158,0
DA:161,0
DA:162,0
DA:164,0
DA:165,0
DA:167,0
DA:173,0
DA:175,0
DA:176,0
DA:177,0
DA:185,0
DA:187,0
DA:188,0
DA:192,0
DA:198,0
DA:199,0
DA:207,1
DA:234,0
DA:235,0
DA:240,0
DA:241,0
DA:245,0
DA:246,0
DA:248,1
DA:250,0
DA:252,1
DA:254,0
DA:256,1
DA:294,0
DA:297,0
DA:300,0
DA:301,0
DA:302,0
DA:305,0
DA:306,0
DA:309,0
DA:312,0
DA:313,0
DA:317,0
DA:320,0
DA:322,0
DA:327,0
DA:329,1
DA:331,0
DA:333,1
DA:341,0
DA:350,1
DA:351,1
DA:396,0
DA:397,0
DA:398,0
DA:400,0
DA:401,0
DA:404,0
DA:405,0
DA:406,0
DA:407,0
DA:408,0
DA:411,0
DA:412,0
DA:415,0
DA:418,0
DA:426,0
DA:429,0
DA:437,0
DA:439,0
DA:444,0
DA:446,1
DA:448,0
DA:449,0
LF:107
LH:23
FN:51,74,AuxDataPipeline.__init__
FNDA:0,AuxDataPipeline.__init__
FN:76,115,AuxDataPipeline.register
FNDA:0,AuxDataPipeline.register
FN:117,205,AuxDataPipeline.load_all
FNDA:0,AuxDataPipeline.load_all
FN:207,246,AuxDataPipeline.get
FNDA:0,AuxDataPipeline.get
FN:248,250,AuxDataPipeline.get_ephemerides
FNDA:0,AuxDataPipeline.get_ephemerides
FN:252,254,AuxDataPipeline.get_clock
FNDA:0,AuxDataPipeline.get_clock
FN:256,327,AuxDataPipeline.get_for_time_range
FNDA:0,AuxDataPipeline.get_for_time_range
FN:329,331,AuxDataPipeline.is_loaded
FNDA:0,AuxDataPipeline.is_loaded
FN:333,348,AuxDataPipeline.list_registered
FNDA:0,AuxDataPipeline.list_registered
FN:351,444,AuxDataPipeline.create_standard
FNDA:0,AuxDataPipeline.create_standard
FN:446,452,AuxDataPipeline.__repr__
FNDA:0,AuxDataPipeline.__repr__
FNF:11
FNH:0
end_of_record
SF:/Users/work/Developer/GNSS/canvodpy/packages/canvod-auxiliary/src/canvod/auxiliary/position/__init__.py
DA:7,1
DA:8,1
DA:13,1
LF:3
LH:3
end_of_record
SF:/Users/work/Developer/GNSS/canvodpy/packages/canvod-auxiliary/src/canvod/auxiliary/position/position.py
DA:8,1
DA:9,1
DA:11,1
DA:12,1
DA:15,1
DA:16,1
DA:45,1
DA:46,1
DA:47,1
DA:49,1
DA:60,0
DA:61,0
DA:63,1
DA:64,1
DA:92,0
DA:94,0
DA:95,0
DA:96,0
DA:97,0
DA:99,0
DA:100,0
DA:102,0
DA:103,0
DA:105,0
DA:106,0
DA:107,0
DA:109,0
DA:114,0
DA:116,1
DA:117,0
DA:120,1
DA:121,1
DA:139,1
DA:140,1
DA:141,1
DA:143,1
DA:151,0
DA:152,0
DA:154,1
DA:155,0
LF:40
LH:20
FN:49,61,ECEFPosition.to_geodetic
FNDA:0,ECEFPosition.to_geodetic
FN:64,114,ECEFPosition.from_ds_metadata
FNDA:0,ECEFPosition.from_ds_metadata
FN:116,117,ECEFPosition.__repr__
FNDA:0,ECEFPosition.__repr__
FN:143,152,GeodeticPosition.to_ecef
FNDA:0,GeodeticPosition.to_ecef
FN:154,158,GeodeticPosition.__repr__
FNDA:0,GeodeticPosition.__repr__
FNF:5
FNH:0
end_of_record
SF:/Users/work/Developer/GNSS/canvodpy/packages/canvod-auxiliary/src/canvod/auxiliary/position/spherical_coords.py
DA:12,1
DA:13,1
DA:14,1
DA:16,1
DA:19,1
DA:90,0
DA:91,0
DA:92,0
DA:95,0
DA:98,0
DA:101,0
DA:105,0
DA:106,0
DA:109,0
DA:113,0
DA:114,0
DA:117,0
DA:118,0
DA:119,0
DA:121,0
DA:124,1
DA:162,0
DA:205,0
LF:23
LH:6
FN:19,121,compute_spherical_coordinates
FNDA:0,compute_spherical_coordinates
FN:124,205,add_spherical_coords_to_dataset
FNDA:0,add_spherical_coords_to_dataset
FNF:2
FNH:0
end_of_record
SF:/Users/work/Developer/GNSS/canvodpy/packages/canvod-auxiliary/src/canvod/auxiliary/preprocessing.py
DA:10,1
DA:12,1
DA:13,1
DA:14,1
DA:16,1
DA:25,1
DA:27,1
DA:35,1
DA:36,1
DA:39,1
DA:52,0
DA:56,0
DA:57,0
DA:58,0
DA:61,1
DA:80,0
DA:81,0
DA:91,0
DA:92,0
DA:93,0
DA:94,0
DA:95,0
DA:97,0
DA:98,0
DA:99,0
DA:100,0
DA:101,0
DA:102,0
DA:104,0
DA:106,0
DA:109,1
DA:133,0
DA:134,0
DA:135,0
DA:137,0
DA:138,0
DA:139,0
DA:140,0
DA:141,0
DA:142,0
DA:143,0
DA:145,0
DA:146,0
DA:147,0
DA:148,0
DA:149,0
DA:150,0
DA:151,0
DA:153,0
DA:154,0
DA:155,0
DA:156,0
DA:157,0
DA:159,0
DA:160,0
DA:161,0
DA:163,0
DA:166,0
DA:171,0
DA:174,1
DA:196,0
DA:197,0
DA:208,0
DA:215,0
DA:216,0
DA:220,0
DA:221,0
DA:222,0
DA:223,0
DA:224,0
DA:227,0
DA:228,0
DA:229,0
DA:230,0
DA:234,0
DA:235,0
DA:236,0
DA:237,0
DA:238,0
DA:240,0
DA:243,1
DA:256,0
DA:257,0
DA:258,0
DA:259,0
DA:262,0
DA:265,1
DA:278,0
DA:279,0
DA:280,0
DA:281,0
DA:282,0
DA:283,0
DA:286,1
DA:310,0
DA:311,0
DA:312,0
DA:313,0
DA:314,0
DA:315,0
DA:318,1
DA:351,0
DA:352,0
DA:355,0
DA:356,0
DA:357,0
DA:360,1
DA:423,0
DA:424,0
DA:426,0
LF:110
LH:18
FN:39,58,flush_sid_accumulators
FNDA:0,flush_sid_accumulators
FN:61,106,create_sv_to_sid_mapping
FNDA:0,create_sv_to_sid_mapping
FN:109,171,map_aux_sv_to_sid
FNDA:0,map_aux_sv_to_sid
FN:174,240,pad_to_global_sid
FNDA:0,pad_to_global_sid
FN:243,262,normalize_sid_dtype
FNDA:0,normalize_sid_dtype
FN:265,283,strip_fillvalue
FNDA:0,strip_fillvalue
FN:286,315,add_future_datavars
FNDA:0,add_future_datavars
FN:318,357,prep_aux_ds
FNDA:0,prep_aux_ds
FN:360,426,preprocess_aux_for_interpolation
FNDA:0,preprocess_aux_for_interpolation
FNF:9
FNH:0
end_of_record
SF:/Users/work/Developer/GNSS/canvodpy/packages/canvod-auxiliary/src/canvod/auxiliary/products/__init__.py
DA:3,1
DA:9,1
DA:20,1
LF:3
LH:3
end_of_record
SF:/Users/work/Developer/GNSS/canvodpy/packages/canvod-auxiliary/src/canvod/auxiliary/products/models.py
DA:3,1
DA:4,1
DA:6,1
DA:9,1
DA:16,1
DA:17,1
DA:18,1
DA:19,1
DA:20,1
DA:21,1
DA:27,1
DA:28,1
DA:34,1
DA:39,1
DA:40,1
DA:41,1
DA:48,1
DA:49,1
DA:50,1
DA:52,0
DA:53,0
DA:54,0
DA:56,1
DA:57,1
DA:58,1
DA:60,0
DA:61,0
DA:62,0
DA:63,0
DA:66,1
DA:73,1
DA:74,1
DA:75,1
DA:79,1
DA:80,1
DA:81,1
DA:86,1
DA:91,1
DA:95,1
DA:99,1
DA:104,1
DA:105,1
DA:106,1
DA:108,0
DA:109,0
DA:110,0
DA:112,1
DA:113,1
DA:114,1
DA:116,0
DA:117,0
DA:118,0
DA:119,0
DA:122,1
DA:130,1
DA:135,1
DA:141,1
DA:144,1
DA:145,1
DA:147,1
DA:148,1
DA:149,1
DA:167,0
DA:168,0
DA:169,0
DA:170,0
DA:171,0
DA:172,0
DA:173,0
DA:174,0
DA:175,0
DA:176,0
DA:178,1
DA:179,1
DA:192,0
DA:194,0
DA:195,0
DA:196,0
DA:197,0
DA:199,0
DA:200,0
DA:206,0
DA:209,1
DA:215,1
DA:216,1
DA:217,1
DA:218,1
DA:219,1
DA:221,1
DA:223,0
DA:224,0
DA:226,1
DA:228,0
DA:230,1
DA:232,0
DA:233,0
DA:239,0
DA:240,0
DA:241,0
DA:243,0
DA:244,0
DA:245,0
DA:247,0
LF:103
LH:59
FN:50,54,Sp3Header.validate_version
FNDA:0,Sp3Header.validate_version
FN:58,63,Sp3Header.validate_coordinate_system
FNDA:0,Sp3Header.validate_coordinate_system
FN:106,110,ClkHeader.validate_file_type
FNDA:0,ClkHeader.validate_file_type
FN:114,119,ClkHeader.validate_time_system
FNDA:0,ClkHeader.validate_time_system
FN:149,176,ProductRequest.validate_date
FNDA:0,ProductRequest.validate_date
FN:179,206,ProductRequest.validate_product_exists
FNDA:0,ProductRequest.validate_product_exists
FN:221,224,FileValidationResult.add_error
FNDA:0,FileValidationResult.add_error
FN:226,228,FileValidationResult.add_warning
FNDA:0,FileValidationResult.add_warning
FN:230,247,FileValidationResult.summary
FNDA:0,FileValidationResult.summary
FNF:9
FNH:0
end_of_record
SF:/Users/work/Developer/GNSS/canvodpy/packages/canvod-auxiliary/src/canvod/auxiliary/products/registry_config.py
DA:3,1
DA:4,1
DA:6,1
DA:9,1
DA:17,1
DA:19,1
DA:20,1
DA:21,1
DA:22,1
DA:24,1
DA:25,1
DA:26,1
DA:28,0
DA:29,0
DA:30,0
DA:35,1
DA:47,1
DA:49,1
DA:54,1
DA:55,1
DA:58,1
DA:63,1
DA:64,1
DA:65,1
DA:66,1
DA:67,1
DA:68,1
DA:70,1
DA:71,1
DA:72,1
DA:74,0
DA:75,0
DA:76,0
DA:77,0
DA:78,0
DA:81,1
DA:96,1
DA:98,0
DA:100,0
DA:102,0
DA:103,0
DA:104,0
DA:107,0
DA:109,1
DA:111,0
DA:112,0
DA:117,0
DA:118,0
DA:121,0
DA:124,0
DA:126,0
DA:145,0
DA:146,0
DA:148,1
DA:168,0
DA:170,0
DA:171,0
DA:172,0
DA:184,0
DA:186,1
DA:188,0
DA:190,1
DA:192,0
DA:194,1
DA:196,0
DA:197,0
DA:203,1
DA:205,0
DA:209,1
DA:212,1
DA:227,0
DA:228,0
DA:230,0
DA:234,1
DA:236,0
DA:239,1
DA:241,0
DA:244,1
DA:246,0
DA:249,1
DA:251,0
DA:254,1
DA:256,0
LF:83
LH:42
FN:26,30,FtpServerConfig.validate_url_scheme
FNDA:0,FtpServerConfig.validate_url_scheme
FN:72,78,ProductSpec.validate_prefix_matches_agency
FNDA:0,ProductSpec.validate_prefix_matches_agency
FN:96,107,ProductRegistry.__init__
FNDA:0,ProductRegistry.__init__
FN:109,146,ProductRegistry._load_config
FNDA:0,ProductRegistry._load_config
FN:148,184,ProductRegistry.get_product_spec
FNDA:0,ProductRegistry.get_product_spec
FN:186,188,ProductRegistry.list_agencies
FNDA:0,ProductRegistry.list_agencies
FN:190,192,ProductRegistry.list_products
FNDA:0,ProductRegistry.list_products
FN:194,201,ProductRegistry.get_products_for_agency
FNDA:0,ProductRegistry.get_products_for_agency
FN:203,205,ProductRegistry.get_agency_name
FNDA:0,ProductRegistry.get_agency_name
FN:212,230,get_registry
FNDA:0,get_registry
FN:234,236,get_product_spec
FNDA:0,get_product_spec
FN:239,241,list_agencies
FNDA:0,list_agencies
FN:244,246,list_products
FNDA:0,list_products
FN:249,251,get_products_for_agency
FNDA:0,get_products_for_agency
FN:254,256,get_agency_name
FNDA:0,get_agency_name
FNF:15
FNH:0
end_of_record
SF:/Users/work/Developer/GNSS/canvodpy/packages/canvod-grids/src/canvod/grids/__init__.py
DA:6,1
DA:8,1
DA:19,1
DA:20,1
DA:29,1
DA:39,1
DA:45,1
DA:47,1
DA:89,1
DA:153,1
DA:155,1
DA:156,1
DA:160,0
DA:161,0
DA:165,0
DA:166,0
DA:170,0
DA:171,0
DA:175,0
DA:176,0
DA:180,0
DA:181,0
DA:185,0
DA:186,0
DA:191,0
DA:197,1
LF:26
LH:13
FN:89,197,create_hemigrid
FNDA:1,create_hemigrid
FNF:1
FNH:1
end_of_record
SF:/Users/work/Developer/GNSS/canvodpy/packages/canvod-grids/src/canvod/grids/_internal/__init__.py
DA:3,1
DA:5,1
LF:2
LH:2
end_of_record
SF:/Users/work/Developer/GNSS/canvodpy/packages/canvod-grids/src/canvod/grids/_internal/logger.py
DA:3,1
DA:6,1
DA:25,1
DA:26,0
DA:27,1
LF:5
LH:4
FN:6,27,get_logger
FNDA:1,get_logger
FNF:1
FNH:1
end_of_record
SF:/Users/work/Developer/GNSS/canvodpy/packages/canvod-grids/src/canvod/grids/aggregation.py
DA:21,1
DA:23,1
DA:24,1
DA:25,1
DA:26,1
DA:28,1
DA:29,1
DA:30,1
DA:31,1
DA:32,1
DA:43,1
DA:78,0
DA:79,0
DA:81,0
DA:82,0
DA:83,0
DA:84,0
DA:85,0
DA:86,0
DA:87,0
DA:89,0
DA:91,0
DA:92,0
DA:93,0
DA:95,0
DA:96,0
DA:97,0
DA:99,0
DA:106,0
DA:111,0
DA:112,0
DA:114,0
DA:116,0
DA:117,0
DA:118,0
DA:126,1
DA:129,1
DA:130,1
DA:152,0
DA:153,0
DA:154,0
DA:155,0
DA:157,0
DA:163,0
DA:164,0
DA:166,0
DA:176,1
DA:226,0
DA:227,0
DA:228,0
DA:229,0
DA:231,0
DA:233,0
DA:234,0
DA:236,0
DA:237,0
DA:238,0
DA:240,0
DA:241,0
DA:243,0
DA:245,0
DA:248,0
DA:250,0
DA:256,0
DA:257,0
DA:259,0
DA:262,0
DA:263,0
DA:264,0
DA:266,0
DA:267,0
DA:269,0
DA:275,0
DA:277,0
DA:278,0
DA:282,0
DA:284,0
DA:285,0
DA:287,0
DA:296,0
DA:297,0
DA:306,0
DA:307,0
DA:309,0
DA:311,0
DA:325,0
DA:326,0
DA:327,0
DA:329,0
DA:330,0
DA:331,0
DA:332,0
DA:333,0
DA:335,0
DA:343,1
DA:358,0
DA:359,0
DA:361,0
DA:362,0
DA:364,0
DA:366,0
DA:367,0
DA:369,0
DA:379,1
DA:397,0
DA:399,0
DA:400,0
DA:402,0
DA:403,0
DA:405,0
DA:408,1
DA:422,0
DA:425,1
DA:439,0
DA:447,1
DA:453,0
DA:458,1
DA:464,0
DA:478,1
DA:480,0
DA:481,0
DA:482,0
DA:483,0
DA:484,0
DA:487,1
DA:492,0
DA:495,0
DA:496,0
DA:497,0
DA:500,0
DA:501,0
DA:504,0
DA:507,1
DA:513,0
DA:514,0
DA:516,0
DA:517,0
DA:519,0
DA:520,0
DA:521,0
DA:523,0
DA:524,0
DA:525,0
DA:526,0
DA:528,0
DA:530,0
DA:533,1
DA:542,0
DA:543,0
DA:544,0
DA:546,0
DA:547,0
DA:548,0
DA:550,0
DA:556,0
DA:557,0
DA:559,0
DA:560,0
DA:561,0
DA:562,0
DA:564,0
DA:566,0
DA:567,0
DA:589,0
DA:590,0
DA:592,0
DA:599,0
DA:600,0
DA:601,0
DA:604,1
DA:613,0
DA:614,0
DA:615,0
DA:616,0
DA:618,0
DA:619,0
DA:620,0
DA:622,0
DA:623,0
DA:624,0
DA:625,0
DA:628,1
DA:642,0
DA:645,0
DA:646,0
DA:648,0
DA:650,0
DA:651,0
DA:652,0
DA:654,0
DA:655,0
DA:656,0
DA:657,0
DA:659,0
LF:194
LH:27
FN:43,118,aggregate_data_to_grid
FNDA:0,aggregate_data_to_grid
FN:130,168,CellAggregator.aggregate_by_cell
FNDA:0,CellAggregator.aggregate_by_cell
FN:176,335,compute_percell_timeseries
FNDA:0,compute_percell_timeseries
FN:343,376,compute_global_average
FNDA:0,compute_global_average
FN:379,405,compute_regional_average
FNDA:0,compute_regional_average
FN:408,422,analyze_diurnal_patterns
FNDA:0,analyze_diurnal_patterns
FN:425,439,analyze_spatial_patterns
FNDA:0,analyze_spatial_patterns
FN:447,455,compute_hemisphere_percell
FNDA:0,compute_hemisphere_percell
FN:458,470,compute_zenith_percell
FNDA:0,compute_zenith_percell
FN:478,484,_normalise_pandas_freq
FNDA:0,_normalise_pandas_freq
FN:487,504,_convert_to_polars_freq
FNDA:0,_convert_to_polars_freq
FN:507,530,_create_spatial_selection
FNDA:0,_create_spatial_selection
FN:533,601,_process_chunk_percell
FNDA:0,_process_chunk_percell
FN:604,625,_merge_percell_results
FNDA:0,_merge_percell_results
FN:628,729,_create_percell_dataset
FNDA:0,_create_percell_dataset
FNF:15
FNH:0
end_of_record
SF:/Users/work/Developer/GNSS/canvodpy/packages/canvod-grids/src/canvod/grids/core/__init__.py
DA:3,1
DA:4,1
DA:5,1
DA:7,1
LF:4
LH:4
end_of_record
SF:/Users/work/Developer/GNSS/canvodpy/packages/canvod-grids/src/canvod/grids/core/grid_builder.py
DA:3,1
DA:4,1
DA:6,1
DA:7,1
DA:9,1
DA:12,1
DA:14,1
DA:16,1
DA:19,1
DA:33,1
DA:51,1
DA:52,1
DA:53,1
DA:54,1
DA:55,1
DA:56,1
DA:57,1
DA:59,1
DA:60,1
DA:85,1
DA:86,1
DA:89,1
DA:98,1
DA:104,1
DA:106,1
DA:107,1
DA:108,1
DA:109,0
DA:110,0
DA:112,0
DA:115,1
DA:116,0
DA:120,0
DA:121,0
DA:132,1
DA:135,1
DA:139,1
DA:140,0
DA:142,1
DA:144,1
LF:40
LH:33
FN:12,16,_get_logger
FNDA:1,_get_logger
FN:33,57,BaseGridBuilder.__init__
FNDA:1,BaseGridBuilder.__init__
FN:60,83,BaseGridBuilder._build_grid
FNDA:0,BaseGridBuilder._build_grid
FN:86,87,BaseGridBuilder.get_grid_type
FNDA:0,BaseGridBuilder.get_grid_type
FN:89,151,BaseGridBuilder.build
FNDA:1,BaseGridBuilder.build
FNF:5
FNH:3
end_of_record
SF:/Users/work/Developer/GNSS/canvodpy/packages/canvod-grids/src/canvod/grids/core/grid_data.py
DA:3,1
DA:4,1
DA:6,1
DA:7,1
DA:8,1
DA:11,1
DA:12,1
DA:44,1
DA:45,1
DA:46,1
DA:47,1
DA:48,1
DA:49,1
DA:50,1
DA:51,1
DA:52,1
DA:53,1
DA:54,1
DA:55,1
DA:57,1
DA:58,1
DA:60,0
DA:62,1
DA:63,1
DA:65,0
DA:67,1
DA:69,0
DA:78,0
DA:80,1
DA:82,0
DA:83,0
DA:86,0
DA:87,0
DA:88,0
DA:90,0
DA:91,0
DA:94,0
DA:95,0
DA:98,0
DA:99,0
DA:102,0
DA:103,0
DA:106,0
DA:107,0
DA:110,0
DA:112,1
DA:114,0
DA:116,0
DA:117,0
DA:118,0
DA:119,0
DA:122,0
DA:123,0
DA:124,0
DA:126,0
DA:127,0
DA:133,0
DA:135,0
DA:137,0
DA:139,1
DA:141,0
DA:142,0
DA:143,0
DA:145,0
DA:146,0
DA:147,0
DA:148,0
DA:150,0
DA:151,0
DA:152,0
DA:154,0
DA:155,0
DA:161,0
DA:163,0
DA:165,0
DA:167,1
DA:169,0
DA:170,0
DA:172,0
DA:173,0
DA:174,0
DA:175,0
DA:176,0
DA:177,0
DA:178,0
DA:180,0
DA:181,0
DA:189,0
DA:190,0
DA:191,0
DA:192,0
DA:193,0
DA:194,0
DA:195,0
DA:196,0
DA:197,0
DA:198,0
DA:204,0
DA:205,0
DA:206,0
DA:208,0
DA:210,1
DA:212,0
DA:213,0
DA:214,0
DA:215,0
DA:216,0
DA:217,0
DA:218,0
DA:220,1
DA:222,0
DA:224,0
DA:239,0
DA:240,0
DA:241,0
DA:243,0
DA:244,0
DA:245,0
DA:246,0
DA:247,0
DA:248,0
DA:249,0
DA:251,0
LF:123
LH:30
FN:58,60,GridData.coords
FNDA:0,GridData.coords
FN:63,65,GridData.ncells
FNDA:0,GridData.ncells
FN:67,78,GridData.get_patches
FNDA:0,GridData.get_patches
FN:80,110,GridData.get_solid_angles
FNDA:0,GridData.get_solid_angles
FN:112,137,GridData._compute_htm_solid_angles
FNDA:0,GridData._compute_htm_solid_angles
FN:139,165,GridData._compute_geodesic_solid_angles
FNDA:0,GridData._compute_geodesic_solid_angles
FN:167,208,GridData._compute_voronoi_solid_angles
FNDA:0,GridData._compute_voronoi_solid_angles
FN:210,218,GridData._geometric_solid_angles
FNDA:0,GridData._geometric_solid_angles
FN:220,251,GridData.get_grid_stats
FNDA:0,GridData.get_grid_stats
FNF:9
FNH:0
end_of_record
SF:/Users/work/Developer/GNSS/canvodpy/packages/canvod-grids/src/canvod/grids/core/grid_types.py
DA:3,1
DA:6,1
DA:9,1
DA:10,1
DA:11,1
DA:12,1
DA:13,1
DA:14,1
DA:15,1
LF:9
LH:9
end_of_record
SF:/Users/work/Developer/GNSS/canvodpy/packages/canvod-grids/src/canvod/grids/grids_impl/__init__.py
DA:3,1
DA:4,1
DA:5,1
DA:6,1
DA:7,1
DA:8,1
DA:9,1
DA:11,1
LF:8
LH:8
end_of_record
SF:/Users/work/Developer/GNSS/canvodpy/packages/canvod-grids/src/canvod/grids/grids_impl/equal_angle_grid.py
DA:3,1
DA:4,1
DA:6,1
DA:7,1
DA:10,1
DA:54,1
DA:63,0
DA:65,1
DA:82,0
DA:83,0
DA:89,0
DA:91,0
DA:92,0
DA:93,0
DA:94,0
DA:97,0
DA:109,0
DA:110,0
DA:111,0
DA:112,0
DA:114,0
DA:115,0
DA:116,0
DA:118,0
DA:119,0
DA:121,0
DA:122,0
DA:124,0
DA:140,0
DA:141,0
DA:142,0
DA:144,0
DA:145,0
LF:33
LH:7
FN:54,63,EqualAngleBuilder.get_grid_type
FNDA:0,EqualAngleBuilder.get_grid_type
FN:65,145,EqualAngleBuilder._build_grid
FNDA:0,EqualAngleBuilder._build_grid
FNF:2
FNH:0
end_of_record
SF:/Users/work/Developer/GNSS/canvodpy/packages/canvod-grids/src/canvod/grids/grids_impl/equal_area_grid.py
DA:3,1
DA:4,1
DA:6,1
DA:7,1
DA:10,1
DA:69,1
DA:78,1
DA:80,1
DA:99,1
DA:100,1
DA:107,1
DA:109,1
DA:110,1
DA:111,1
DA:112,1
DA:115,1
DA:116,1
DA:118,1
DA:119,1
DA:131,1
DA:132,1
DA:133,1
DA:134,1
DA:137,1
DA:138,1
DA:141,1
DA:142,0
DA:145,1
DA:148,1
DA:149,1
DA:151,1
DA:152,1
DA:155,1
DA:156,1
DA:157,1
DA:159,1
DA:172,1
DA:173,1
DA:174,1
DA:176,1
DA:177,0
DA:181,1
DA:183,1
LF:43
LH:41
FN:69,78,EqualAreaBuilder.get_grid_type
FNDA:1,EqualAreaBuilder.get_grid_type
FN:80,183,EqualAreaBuilder._build_grid
FNDA:1,EqualAreaBuilder._build_grid
FNF:2
FNH:2
end_of_record
SF:/Users/work/Developer/GNSS/canvodpy/packages/canvod-grids/src/canvod/grids/grids_impl/equirectangular_grid.py
DA:3,1
DA:4,1
DA:6,1
DA:7,1
DA:10,1
DA:65,1
DA:74,0
DA:76,1
DA:94,0
DA:96,0
DA:101,0
DA:105,0
DA:107,0
DA:108,0
DA:110,0
DA:111,0
DA:113,0
DA:124,0
DA:128,0
DA:129,0
DA:130,0
DA:135,0
LF:22
LH:7
FN:65,74,EquirectangularBuilder.get_grid_type
FNDA:0,EquirectangularBuilder.get_grid_type
FN:76,135,EquirectangularBuilder._build_grid
FNDA:0,EquirectangularBuilder._build_grid
FNF:2
FNH:0
end_of_record
SF:/Users/work/Developer/GNSS/canvodpy/packages/canvod-grids/src/canvod/grids/grids_impl/fibonacci_grid.py
DA:3,1
DA:5,1
DA:6,1
DA:8,1
DA:9,1
DA:12,1
DA:104,1
DA:125,0
DA:127,0
DA:128,0
DA:129,0
DA:130,0
DA:132,0
DA:134,0
DA:136,1
DA:145,0
DA:147,1
DA:172,0
DA:175,0
DA:176,0
DA:177,0
DA:178,0
DA:181,0
DA:183,0
DA:184,0
DA:185,0
DA:187,0
DA:188,0
DA:191,0
DA:192,0
DA:194,0
DA:195,0
DA:197,0
DA:198,0
DA:203,0
DA:204,0
DA:205,0
DA:207,0
DA:208,0
DA:210,0
DA:213,0
DA:218,0
DA:219,0
DA:220,0
DA:222,0
DA:239,0
DA:243,0
DA:248,0
DA:249,0
DA:250,0
DA:252,0
DA:254,1
DA:269,0
DA:271,0
DA:274,0
DA:277,0
DA:278,0
DA:281,0
DA:282,0
DA:283,0
DA:285,0
LF:61
LH:10
FN:104,134,FibonacciBuilder.__init__
FNDA:0,FibonacciBuilder.__init__
FN:136,145,FibonacciBuilder.get_grid_type
FNDA:0,FibonacciBuilder.get_grid_type
FN:147,252,FibonacciBuilder._build_grid
FNDA:0,FibonacciBuilder._build_grid
FN:254,285,FibonacciBuilder._generate_fibonacci_sphere
FNDA:0,FibonacciBuilder._generate_fibonacci_sphere
FNF:4
FNH:0
end_of_record
SF:/Users/work/Developer/GNSS/canvodpy/packages/canvod-grids/src/canvod/grids/grids_impl/geodesic_grid.py
DA:3,1
DA:5,1
DA:6,1
DA:8,1
DA:9,1
DA:12,1
DA:94,1
DA:115,0
DA:116,0
DA:118,0
DA:119,0
DA:120,0
DA:125,0
DA:127,0
DA:132,1
DA:143,0
DA:145,1
DA:154,0
DA:156,1
DA:175,0
DA:177,1
DA:202,0
DA:205,0
DA:206,0
DA:209,0
DA:212,0
DA:213,0
DA:214,0
DA:215,0
DA:218,0
DA:221,0
DA:222,0
DA:223,0
DA:224,0
DA:226,0
DA:227,0
DA:229,0
DA:232,0
DA:233,0
DA:234,0
DA:235,0
DA:236,0
DA:239,0
DA:240,0
DA:242,0
DA:243,0
DA:245,0
DA:246,0
DA:247,0
DA:248,0
DA:249,0
DA:250,0
DA:252,0
DA:253,0
DA:256,0
DA:257,0
DA:258,0
DA:260,0
DA:261,0
DA:262,0
DA:265,0
DA:266,0
DA:268,0
DA:281,0
DA:285,0
DA:291,0
DA:292,0
DA:293,0
DA:295,0
DA:297,0
DA:299,1
DA:310,0
DA:312,0
DA:330,0
DA:332,0
DA:358,0
DA:360,1
DA:383,0
DA:384,0
DA:386,0
DA:402,0
DA:403,0
DA:404,0
DA:405,0
DA:407,0
DA:408,0
DA:410,0
DA:411,0
DA:412,0
DA:414,0
DA:423,0
DA:424,0
DA:425,0
DA:426,0
DA:428,0
DA:429,0
DA:430,0
DA:431,0
DA:432,0
DA:434,0
LF:100
LH:13
FN:94,130,GeodesicBuilder.__init__
FNDA:0,GeodesicBuilder.__init__
FN:132,143,GeodesicBuilder.get_triangles
FNDA:0,GeodesicBuilder.get_triangles
FN:145,154,GeodesicBuilder.get_grid_type
FNDA:0,GeodesicBuilder.get_grid_type
FN:156,175,GeodesicBuilder._extract_triangle_vertices
FNDA:0,GeodesicBuilder._extract_triangle_vertices
FN:177,297,GeodesicBuilder._build_grid
FNDA:0,GeodesicBuilder._build_grid
FN:299,358,GeodesicBuilder._create_icosahedron
FNDA:0,GeodesicBuilder._create_icosahedron
FN:360,434,GeodesicBuilder._subdivide_mesh
FNDA:0,GeodesicBuilder._subdivide_mesh
FN:386,405,GeodesicBuilder._subdivide_mesh.get_midpoint
FNDA:0,GeodesicBuilder._subdivide_mesh.get_midpoint
FNF:8
FNH:0
end_of_record
SF:/Users/work/Developer/GNSS/canvodpy/packages/canvod-grids/src/canvod/grids/grids_impl/healpix_grid.py
DA:3,1
DA:4,1
DA:6,1
DA:7,1
DA:10,1
DA:97,1
DA:118,0
DA:121,0
DA:122,0
DA:123,0
DA:125,0
DA:126,0
DA:127,0
DA:130,0
DA:131,0
DA:133,0
DA:134,0
DA:135,0
DA:139,0
DA:140,0
DA:142,0
DA:148,1
DA:157,0
DA:159,1
DA:182,0
DA:184,0
DA:185,0
DA:187,0
DA:188,0
DA:191,0
DA:192,0
DA:194,0
DA:196,0
DA:208,0
DA:210,0
DA:211,0
DA:213,0
DA:215,0
DA:222,0
DA:223,0
DA:229,0
DA:230,0
DA:232,0
DA:234,0
DA:236,1
DA:247,0
LF:46
LH:9
FN:97,146,HEALPixBuilder.__init__
FNDA:0,HEALPixBuilder.__init__
FN:148,157,HEALPixBuilder.get_grid_type
FNDA:0,HEALPixBuilder.get_grid_type
FN:159,234,HEALPixBuilder._build_grid
FNDA:0,HEALPixBuilder._build_grid
FN:236,257,HEALPixBuilder.get_healpix_info
FNDA:0,HEALPixBuilder.get_healpix_info
FNF:4
FNH:0
end_of_record
SF:/Users/work/Developer/GNSS/canvodpy/packages/canvod-grids/src/canvod/grids/grids_impl/htm_grid.py
DA:3,1
DA:4,1
DA:6,1
DA:7,1
DA:10,1
DA:108,1
DA:129,0
DA:131,0
DA:132,0
DA:133,0
DA:137,0
DA:139,0
DA:141,0
DA:145,1
DA:154,0
DA:156,1
DA:176,0
DA:188,0
DA:199,0
DA:200,0
DA:202,0
DA:203,0
DA:204,0
DA:205,0
DA:207,0
DA:208,0
DA:209,0
DA:212,0
DA:213,0
DA:214,0
DA:217,0
DA:218,0
DA:220,0
DA:221,0
DA:222,0
DA:225,0
DA:226,0
DA:227,0
DA:230,0
DA:231,0
DA:232,0
DA:233,0
DA:234,0
DA:235,0
DA:236,0
DA:238,0
DA:254,0
DA:258,0
DA:259,0
DA:260,0
DA:262,0
DA:264,1
DA:292,0
DA:293,0
DA:295,0
DA:298,0
DA:299,0
DA:300,0
DA:301,0
DA:302,0
DA:303,0
DA:306,0
DA:308,0
DA:309,0
DA:311,0
DA:312,0
DA:313,0
DA:319,0
DA:320,0
DA:322,0
DA:324,1
DA:334,0
DA:335,0
DA:337,0
LF:74
LH:10
FN:108,143,HTMBuilder.__init__
FNDA:0,HTMBuilder.__init__
FN:145,154,HTMBuilder.get_grid_type
FNDA:0,HTMBuilder.get_grid_type
FN:156,262,HTMBuilder._build_grid
FNDA:0,HTMBuilder._build_grid
FN:264,322,HTMBuilder._subdivide_htm
FNDA:0,HTMBuilder._subdivide_htm
FN:324,342,HTMBuilder.get_htm_info
FNDA:0,HTMBuilder.get_htm_info
FNF:5
FNH:0
end_of_record
SF:/Users/work/Developer/GNSS/canvodpy/packages/canvod-grids/src/canvod/grids/operations.py
DA:18,1
DA:20,1
DA:21,1
DA:23,1
DA:24,1
DA:25,1
DA:27,1
DA:32,1
DA:35,1
DA:68,1
DA:70,0
DA:71,0
DA:72,0
DA:73,0
DA:74,0
DA:75,0
DA:78,1
DA:100,0
DA:101,0
DA:102,0
DA:103,0
DA:104,0
DA:112,1
DA:137,0
DA:138,0
DA:140,0
DA:148,0
DA:149,0
DA:151,0
DA:152,0
DA:154,0
DA:156,0
DA:158,0
DA:159,0
DA:161,0
DA:163,0
DA:164,0
DA:166,0
DA:167,0
DA:168,0
DA:170,0
DA:171,0
DA:173,0
DA:183,0
DA:186,1
DA:209,0
DA:211,0
DA:212,0
DA:214,0
DA:215,0
DA:217,0
DA:219,0
DA:220,0
DA:221,0
DA:225,0
DA:227,0
DA:228,0
DA:230,0
DA:231,0
DA:232,0
DA:235,0
DA:236,0
DA:237,0
DA:239,0
DA:242,1
DA:267,0
DA:269,0
DA:271,0
DA:272,0
DA:274,0
DA:293,0
DA:294,0
DA:296,0
DA:297,0
DA:299,0
DA:300,0
DA:304,0
DA:306,0
DA:314,0
DA:315,0
DA:317,0
DA:318,0
DA:320,0
DA:328,1
DA:345,0
DA:354,0
DA:355,0
DA:356,0
DA:357,0
DA:360,1
DA:364,0
DA:366,0
DA:367,0
DA:368,0
DA:369,0
DA:371,0
DA:372,0
DA:373,0
DA:374,0
DA:375,0
DA:376,0
DA:378,0
DA:381,1
DA:388,0
DA:390,0
DA:391,0
DA:392,0
DA:393,0
DA:394,0
DA:396,0
DA:397,0
DA:399,0
DA:400,0
DA:401,0
DA:402,0
DA:403,0
DA:404,0
DA:405,0
DA:407,0
DA:410,1
DA:419,0
DA:420,0
DA:421,0
DA:422,0
DA:423,0
DA:424,0
DA:425,0
DA:426,0
DA:427,0
DA:428,0
DA:429,0
DA:430,0
DA:433,0
DA:434,0
DA:435,0
DA:436,0
DA:437,0
DA:438,0
DA:441,1
DA:445,0
DA:446,0
DA:447,0
DA:448,0
DA:450,0
DA:451,0
DA:453,0
DA:454,0
DA:456,0
DA:458,0
DA:459,0
DA:460,0
DA:461,0
DA:462,0
DA:463,0
DA:465,0
DA:468,1
DA:477,0
DA:478,0
DA:479,0
DA:480,0
DA:481,0
DA:482,0
DA:483,0
DA:484,0
DA:485,0
DA:486,0
DA:487,0
DA:488,0
DA:489,0
DA:490,0
DA:493,0
DA:494,0
DA:495,0
DA:496,0
DA:497,0
DA:498,0
DA:506,1
DA:535,0
DA:536,0
DA:538,0
DA:539,0
DA:540,0
DA:541,0
DA:542,0
DA:544,0
DA:545,0
DA:546,0
DA:547,0
DA:548,0
DA:550,0
DA:551,0
DA:552,0
DA:553,0
DA:554,0
DA:556,0
DA:557,0
DA:558,0
DA:559,0
DA:560,0
DA:561,0
DA:562,0
DA:563,0
DA:564,0
DA:566,0
DA:567,0
DA:568,0
DA:569,0
DA:570,0
DA:572,0
DA:573,0
DA:574,0
DA:575,0
DA:576,0
DA:577,0
DA:578,0
DA:579,0
DA:580,0
DA:581,0
DA:582,0
DA:583,0
DA:584,0
DA:587,0
DA:588,0
DA:589,0
DA:591,0
DA:592,0
DA:593,0
DA:594,0
DA:595,0
DA:597,0
DA:598,0
DA:599,0
DA:600,0
DA:601,0
DA:603,0
DA:605,0
DA:606,0
DA:607,0
DA:608,0
DA:611,0
DA:614,0
DA:615,0
DA:616,0
DA:618,0
DA:646,0
DA:654,1
DA:685,0
DA:688,0
DA:691,0
DA:693,0
DA:694,0
DA:696,0
DA:697,0
DA:699,0
DA:700,0
DA:701,0
DA:703,0
DA:706,1
DA:741,0
DA:742,0
DA:744,0
DA:745,0
DA:746,0
DA:748,0
DA:749,0
DA:751,0
DA:752,0
DA:756,0
DA:758,0
DA:761,1
DA:789,0
DA:791,0
DA:793,0
DA:796,0
DA:797,0
DA:800,0
DA:801,0
DA:805,0
DA:810,0
DA:811,0
DA:814,0
DA:815,0
DA:816,0
DA:819,0
DA:826,0
DA:828,0
DA:829,0
DA:831,0
DA:832,0
DA:833,0
DA:834,0
DA:836,0
DA:845,0
DA:847,0
DA:848,0
DA:850,0
DA:851,0
DA:852,0
DA:854,0
DA:855,0
DA:856,0
DA:857,0
DA:858,0
DA:859,0
DA:860,0
DA:861,0
DA:862,0
DA:864,0
DA:865,0
DA:866,0
DA:868,0
DA:877,0
DA:881,0
DA:882,0
DA:885,0
DA:886,0
DA:887,0
DA:888,0
DA:889,0
DA:890,0
DA:892,0
DA:893,0
DA:896,0
DA:898,0
DA:910,0
DA:911,0
DA:913,0
LF:327
LH:24
FN:68,75,_build_kdtree
FNDA:0,_build_kdtree
FN:78,104,_query_points
FNDA:0,_query_points
FN:112,183,add_cell_ids_to_vod_fast
FNDA:0,add_cell_ids_to_vod_fast
FN:186,239,add_cell_ids_to_vod
FNDA:0,add_cell_ids_to_vod
FN:242,320,add_cell_ids_to_ds_fast
FNDA:0,add_cell_ids_to_ds_fast
FN:274,304,add_cell_ids_to_ds_fast._assign_chunk
FNDA:0,add_cell_ids_to_ds_fast._assign_chunk
FN:328,357,extract_grid_vertices
FNDA:0,extract_grid_vertices
FN:360,378,_extract_htm_vertices
FNDA:0,_extract_htm_vertices
FN:381,407,_extract_rectangular_vertices
FNDA:0,_extract_rectangular_vertices
FN:410,438,_extract_geodesic_vertices
FNDA:0,_extract_geodesic_vertices
FN:441,465,_extract_healpix_vertices
FNDA:0,_extract_healpix_vertices
FN:468,498,_extract_fibonacci_vertices
FNDA:0,_extract_fibonacci_vertices
FN:506,646,grid_to_dataset
FNDA:0,grid_to_dataset
FN:654,703,store_grid
FNDA:0,store_grid
FN:706,758,store_dataset_with_cell_ids
FNDA:0,store_dataset_with_cell_ids
FN:761,913,load_grid
FNDA:0,load_grid
FNF:16
FNH:0
end_of_record
SF:/Users/work/Developer/GNSS/canvodpy/packages/canvod-grids/src/canvod/grids/workflows/__init__.py
DA:11,1
DA:17,1
LF:2
LH:2
end_of_record
SF:/Users/work/Developer/GNSS/canvodpy/packages/canvod-grids/src/canvod/grids/workflows/adapted_workflow.py
DA:21,1
DA:23,1
DA:24,1
DA:25,1
DA:26,1
DA:27,1
DA:29,1
DA:30,1
DA:35,1
DA:43,1
DA:45,0
DA:46,0
DA:47,0
DA:48,0
DA:52,0
DA:55,1
DA:71,0
DA:72,0
DA:73,0
DA:81,1
DA:96,1
DA:105,0
DA:106,0
DA:112,1
DA:132,0
DA:133,0
DA:134,0
DA:135,0
DA:136,0
DA:142,1
DA:173,0
DA:187,0
DA:192,0
DA:193,0
DA:195,0
DA:201,0
DA:202,0
DA:203,0
DA:204,0
DA:205,0
DA:211,0
DA:213,0
DA:214,0
DA:215,0
DA:216,0
DA:217,0
DA:219,0
DA:220,0
DA:227,0
DA:233,1
DA:277,0
DA:290,1
DA:334,0
DA:335,0
DA:338,0
DA:340,0
DA:341,0
DA:342,0
DA:353,0
DA:354,0
DA:357,0
DA:358,0
DA:359,0
DA:361,0
DA:363,0
DA:364,0
DA:365,0
DA:369,0
DA:372,0
DA:373,0
DA:382,0
DA:385,0
DA:389,0
DA:390,0
DA:396,1
DA:426,0
DA:427,0
DA:428,0
DA:430,0
DA:432,0
DA:433,0
DA:435,0
DA:437,0
DA:438,0
DA:439,0
DA:441,0
DA:444,0
DA:448,0
DA:449,0
DA:453,0
DA:461,0
DA:463,0
DA:464,0
DA:465,0
DA:472,0
DA:473,0
DA:476,0
DA:477,0
DA:479,0
DA:480,0
DA:482,0
DA:488,0
DA:489,0
DA:495,1
DA:497,0
DA:498,0
DA:499,0
DA:504,0
DA:505,0
DA:506,0
DA:507,0
DA:508,0
DA:510,1
DA:517,0
DA:518,0
DA:519,0
DA:522,0
DA:523,0
DA:524,0
DA:525,0
DA:526,0
DA:527,0
DA:528,0
DA:529,0
DA:531,1
DA:544,0
DA:547,0
DA:548,0
DA:549,0
DA:550,0
DA:551,0
DA:553,0
DA:554,0
DA:555,0
DA:556,0
DA:557,0
DA:558,0
DA:561,0
DA:562,0
DA:564,0
DA:572,1
DA:617,0
DA:618,0
DA:622,0
DA:624,0
DA:625,0
DA:626,0
DA:627,0
DA:637,0
DA:638,0
DA:641,0
DA:642,0
DA:646,0
DA:647,0
DA:651,0
DA:652,0
DA:656,0
DA:657,0
DA:658,0
DA:660,0
DA:662,0
DA:663,0
DA:664,0
DA:668,0
DA:671,0
DA:672,0
DA:673,0
DA:680,0
DA:688,0
DA:691,0
DA:694,0
DA:695,0
DA:703,1
DA:716,0
DA:719,1
DA:735,0
DA:737,0
DA:744,0
DA:745,0
DA:746,0
DA:752,0
DA:753,0
DA:754,0
DA:758,0
DA:760,0
DA:761,0
DA:763,0
LF:187
LH:24
FN:43,52,_get_store
FNDA:0,_get_store
FN:55,73,normalize_datetime_for_comparison
FNDA:0,normalize_datetime_for_comparison
FN:96,106,AdaptedVODWorkflow.__init__
FNDA:0,AdaptedVODWorkflow.__init__
FN:112,136,AdaptedVODWorkflow.load_vod_data
FNDA:0,AdaptedVODWorkflow.load_vod_data
FN:142,227,AdaptedVODWorkflow.check_temporal_coverage_compatibility
FNDA:0,AdaptedVODWorkflow.check_temporal_coverage_compatibility
FN:173,190,AdaptedVODWorkflow.check_temporal_coverage_compatibility._date_range
FNDA:0,AdaptedVODWorkflow.check_temporal_coverage_compatibility._date_range
FN:233,288,AdaptedVODWorkflow.create_processed_data_fast_hampel_complete
FNDA:0,AdaptedVODWorkflow.create_processed_data_fast_hampel_complete
FN:290,390,AdaptedVODWorkflow.create_processed_data_hampel_parallel_complete
FNDA:0,AdaptedVODWorkflow.create_processed_data_hampel_parallel_complete
FN:396,489,AdaptedVODWorkflow.run_complete_workflow
FNDA:0,AdaptedVODWorkflow.run_complete_workflow
FN:495,508,AdaptedVODWorkflow._try_load_hampel
FNDA:0,AdaptedVODWorkflow._try_load_hampel
FN:510,529,AdaptedVODWorkflow._force_or_skip
FNDA:0,AdaptedVODWorkflow._force_or_skip
FN:531,564,AdaptedVODWorkflow._persist_filtered
FNDA:0,AdaptedVODWorkflow._persist_filtered
FN:572,695,_create_processed_data_fast_hampel
FNDA:0,_create_processed_data_fast_hampel
FN:703,716,get_workflow_for_store
FNDA:0,get_workflow_for_store
FN:719,763,check_processed_data_status
FNDA:0,check_processed_data_status
FNF:15
FNH:0
end_of_record
SF:/Users/work/Developer/GNSS/canvodpy/packages/canvod-readers/src/canvod/readers/__init__.py
DA:41,1
DA:51,1
DA:52,1
DA:58,1
DA:59,1
DA:60,1
DA:62,1
DA:64,1
LF:8
LH:8
end_of_record
SF:/Users/work/Developer/GNSS/canvodpy/packages/canvod-readers/src/canvod/readers/base.py
DA:14,1
DA:15,1
DA:16,1
DA:17,1
DA:18,1
DA:20,1
DA:21,1
DA:23,1
DA:29,1
DA:31,1
DA:43,1
DA:45,1
DA:53,1
DA:72,0
DA:73,0
DA:75,0
DA:78,0
DA:79,0
DA:80,0
DA:83,0
DA:84,0
DA:85,0
DA:86,0
DA:88,0
DA:89,0
DA:90,0
DA:91,0
DA:95,0
DA:96,0
DA:102,0
DA:103,0
DA:104,0
DA:106,0
DA:107,0
DA:108,0
DA:109,0
DA:115,0
DA:116,0
DA:117,0
DA:119,0
DA:120,0
DA:130,1
DA:144,1
DA:146,1
DA:148,1
DA:153,0
DA:155,1
DA:157,0
DA:158,0
DA:159,0
DA:161,1
DA:163,0
DA:164,0
DA:165,0
DA:166,0
DA:167,0
DA:168,0
DA:169,0
DA:172,0
DA:173,0
DA:177,1
DA:179,0
DA:180,0
DA:181,0
DA:182,0
DA:183,0
DA:184,0
DA:185,0
DA:186,0
DA:191,1
DA:193,0
DA:194,0
DA:195,0
DA:203,1
DA:213,1
DA:215,1
DA:216,1
DA:217,1
DA:219,1
DA:220,1
DA:221,1
DA:222,0
DA:223,0
DA:227,0
DA:229,1
DA:230,1
DA:232,0
DA:234,1
DA:235,1
DA:237,0
DA:239,1
DA:240,0
DA:242,1
DA:243,0
DA:245,1
DA:246,0
DA:247,0
DA:248,0
DA:250,1
DA:251,1
DA:269,0
DA:270,0
DA:271,0
DA:274,0
DA:282,1
DA:312,1
DA:314,1
DA:316,1
DA:317,1
DA:318,1
DA:320,0
DA:321,0
DA:322,0
DA:323,0
DA:325,1
DA:326,1
DA:327,1
DA:339,1
DA:340,1
DA:366,1
DA:367,1
DA:376,1
DA:393,0
DA:395,1
DA:406,0
DA:407,0
DA:409,0
DA:410,0
DA:411,0
DA:414,0
DA:415,0
DA:417,1
DA:418,1
DA:419,1
DA:428,1
DA:429,1
DA:430,1
DA:439,1
DA:440,1
DA:441,1
DA:450,1
DA:451,1
DA:462,0
DA:464,1
DA:465,1
DA:466,1
DA:475,1
DA:477,0
DA:480,1
LF:149
LH:69
FN:53,122,validate_dataset
FNDA:0,validate_dataset
FN:148,153,DatasetStructureValidator.validate_all
FNDA:0,DatasetStructureValidator.validate_all
FN:155,159,DatasetStructureValidator.validate_dimensions
FNDA:0,DatasetStructureValidator.validate_dimensions
FN:161,175,DatasetStructureValidator.validate_coordinates
FNDA:0,DatasetStructureValidator.validate_coordinates
FN:177,189,DatasetStructureValidator.validate_data_variables
FNDA:0,DatasetStructureValidator.validate_data_variables
FN:191,195,DatasetStructureValidator.validate_attributes
FNDA:0,DatasetStructureValidator.validate_attributes
FN:221,227,SignalID._validate_sv
FNDA:0,SignalID._validate_sv
FN:230,232,SignalID.system
FNDA:0,SignalID.system
FN:235,237,SignalID.sid
FNDA:0,SignalID.sid
FN:239,240,SignalID.__str__
FNDA:0,SignalID.__str__
FN:242,243,SignalID.__hash__
FNDA:0,SignalID.__hash__
FN:245,248,SignalID.__eq__
FNDA:0,SignalID.__eq__
FN:251,274,SignalID.from_string
FNDA:0,SignalID.from_string
FN:318,323,GNSSDataReader._validate_fpath
FNDA:0,GNSSDataReader._validate_fpath
FN:327,337,GNSSDataReader.file_hash
FNDA:0,GNSSDataReader.file_hash
FN:340,364,GNSSDataReader.to_ds
FNDA:0,GNSSDataReader.to_ds
FN:367,374,GNSSDataReader.iter_epochs
FNDA:0,GNSSDataReader.iter_epochs
FN:376,393,GNSSDataReader.to_ds_and_auxiliary
FNDA:0,GNSSDataReader.to_ds_and_auxiliary
FN:395,415,GNSSDataReader._build_attrs
FNDA:0,GNSSDataReader._build_attrs
FN:419,426,GNSSDataReader.start_time
FNDA:0,GNSSDataReader.start_time
FN:430,437,GNSSDataReader.end_time
FNDA:0,GNSSDataReader.end_time
FN:441,448,GNSSDataReader.systems
FNDA:0,GNSSDataReader.systems
FN:451,462,GNSSDataReader.num_epochs
FNDA:0,GNSSDataReader.num_epochs
FN:466,473,GNSSDataReader.num_satellites
FNDA:0,GNSSDataReader.num_satellites
FN:475,477,GNSSDataReader.__repr__
FNDA:0,GNSSDataReader.__repr__
FNF:25
FNH:0
end_of_record
SF:/Users/work/Developer/GNSS/canvodpy/packages/canvod-readers/src/canvod/readers/builder.py
DA:17,1
DA:19,1
DA:20,1
DA:22,1
DA:23,1
DA:25,1
DA:26,1
DA:33,1
DA:39,1
DA:50,1
DA:74,1
DA:80,0
DA:81,0
DA:82,0
DA:83,0
DA:84,0
DA:86,1
DA:88,0
DA:89,0
DA:91,1
DA:93,0
DA:94,0
DA:95,0
DA:97,1
DA:117,0
DA:118,0
DA:119,0
DA:120,0
DA:122,1
DA:148,0
DA:149,0
DA:150,0
DA:151,0
DA:154,0
DA:158,0
DA:159,0
DA:160,0
DA:161,0
DA:164,0
DA:171,0
DA:178,0
DA:179,0
DA:182,0
DA:183,0
DA:184,0
DA:186,0
DA:189,0
DA:190,0
DA:191,0
DA:192,0
DA:193,0
DA:195,0
DA:196,0
DA:197,0
DA:199,0
DA:200,0
DA:203,0
DA:218,0
DA:219,0
DA:220,0
DA:222,0
DA:225,0
DA:227,0
DA:230,1
LF:64
LH:16
FN:74,84,DatasetBuilder.__init__
FNDA:0,DatasetBuilder.__init__
FN:86,89,DatasetBuilder.add_epoch
FNDA:0,DatasetBuilder.add_epoch
FN:91,95,DatasetBuilder.add_signal
FNDA:0,DatasetBuilder.add_signal
FN:97,120,DatasetBuilder.set_value
FNDA:0,DatasetBuilder.set_value
FN:122,227,DatasetBuilder.build
FNDA:0,DatasetBuilder.build
FNF:5
FNH:0
end_of_record
SF:/Users/work/Developer/GNSS/canvodpy/packages/canvod-readers/src/canvod/readers/gnss_specs/__init__.py
end_of_record
SF:/Users/work/Developer/GNSS/canvodpy/packages/canvod-readers/src/canvod/readers/gnss_specs/bands.py
DA:3,1
DA:4,1
DA:5,1
DA:6,1
DA:8,1
DA:19,1
DA:45,1
DA:46,1
DA:47,1
DA:49,1
DA:51,1
DA:58,0
DA:68,0
DA:83,1
DA:84,1
DA:100,0
DA:101,0
DA:102,0
DA:103,0
DA:104,0
DA:105,0
DA:107,0
DA:108,0
DA:109,0
DA:111,1
DA:112,1
DA:114,0
DA:115,0
DA:126,0
DA:138,1
DA:164,0
DA:165,0
DA:167,0
DA:169,0
DA:170,0
DA:171,0
DA:172,0
DA:173,0
DA:176,0
DA:187,0
DA:188,0
DA:189,0
DA:190,0
DA:192,0
DA:193,0
DA:194,0
DA:197,0
DA:198,0
DA:199,0
DA:200,0
DA:201,0
DA:202,0
DA:205,0
DA:206,0
DA:209,0
DA:212,0
DA:213,0
DA:215,0
DA:216,0
DA:217,0
DA:218,0
DA:219,0
DA:221,0
DA:224,0
DA:227,0
DA:229,0
DA:230,0
DA:232,0
DA:233,0
DA:236,0
DA:257,0
DA:258,0
DA:261,0
DA:262,0
DA:263,0
DA:265,0
DA:266,0
DA:268,0
DA:269,0
DA:270,0
DA:271,0
DA:273,0
DA:274,0
DA:276,0
DA:277,0
DA:280,0
DA:289,0
DA:292,0
DA:295,0
DA:298,0
DA:309,0
DA:312,0
DA:313,0
DA:324,0
DA:335,0
DA:336,0
DA:339,0
DA:340,0
DA:341,0
DA:343,0
DA:344,0
DA:347,0
DA:348,0
DA:351,0
DA:352,0
DA:355,0
DA:360,0
DA:361,0
DA:362,0
DA:363,0
DA:365,0
DA:375,0
DA:381,0
DA:394,0
DA:395,0
DA:396,0
DA:400,0
DA:410,0
DA:411,0
DA:412,0
DA:413,0
DA:416,1
DA:417,0
DA:418,0
DA:419,0
DA:420,0
DA:421,0
DA:423,0
LF:128
LH:17
FN:51,81,Bands.__init__
FNDA:0,Bands.__init__
FN:84,109,Bands.strip_units
FNDA:0,Bands.strip_units
FN:112,136,Bands._make_groups
FNDA:0,Bands._make_groups
FN:138,413,Bands.plot_bands
FNDA:0,Bands.plot_bands
FN:236,348,Bands.plot_bands.plot_panel
FNDA:0,Bands.plot_bands.plot_panel
FNF:5
FNH:0
end_of_record
SF:/Users/work/Developer/GNSS/canvodpy/packages/canvod-readers/src/canvod/readers/gnss_specs/constants.py
DA:15,1
DA:17,1
DA:21,1
DA:25,1
DA:26,1
DA:30,1
DA:37,1
DA:45,1
DA:48,1
DA:51,1
DA:54,1
DA:57,1
DA:77,1
LF:13
LH:13
end_of_record
SF:/Users/work/Developer/GNSS/canvodpy/packages/canvod-readers/src/canvod/readers/gnss_specs/constellations.py
DA:3,1
DA:5,1
DA:6,1
DA:7,1
DA:8,1
DA:9,1
DA:10,1
DA:11,1
DA:13,1
DA:14,1
DA:15,1
DA:17,1
DA:19,1
DA:25,1
DA:26,1
DA:35,1
DA:45,1
DA:47,1
DA:49,1
DA:50,1
DA:51,1
DA:54,1
DA:55,1
DA:57,1
DA:59,1
DA:60,1
DA:69,1
DA:70,1
DA:72,1
DA:86,0
DA:87,0
DA:88,0
DA:90,1
DA:104,0
DA:108,0
DA:109,0
DA:114,0
DA:115,0
DA:116,0
DA:118,1
DA:132,0
DA:136,0
DA:141,0
DA:142,0
DA:143,0
DA:145,1
DA:178,0
DA:179,0
DA:180,0
DA:181,0
DA:182,0
DA:184,0
DA:185,0
DA:190,0
DA:191,0
DA:192,0
DA:193,0
DA:194,0
DA:195,0
DA:197,0
DA:198,0
DA:206,0
DA:207,0
DA:208,0
DA:209,0
DA:211,0
DA:212,0
DA:214,0
DA:215,0
DA:221,0
DA:222,0
DA:223,0
DA:225,0
DA:229,0
DA:243,0
DA:244,0
DA:246,0
DA:247,0
DA:254,0
DA:255,0
DA:263,0
DA:264,0
DA:265,0
DA:277,0
DA:278,0
DA:284,0
DA:286,1
DA:287,1
DA:289,0
DA:293,1
DA:300,1
DA:301,1
DA:307,1
DA:333,1
DA:334,1
DA:335,1
DA:337,1
DA:350,0
DA:351,0
DA:352,0
DA:353,0
DA:354,0
DA:355,0
DA:356,0
DA:359,0
DA:361,1
DA:370,0
DA:371,0
DA:372,0
DA:378,0
DA:379,0
DA:387,0
DA:393,1
DA:418,1
DA:425,1
DA:432,1
DA:460,1
DA:462,0
DA:473,1
DA:498,1
DA:499,1
DA:504,1
DA:518,1
DA:520,0
DA:532,1
DA:571,1
DA:579,1
DA:587,1
DA:620,1
DA:622,0
DA:634,1
DA:671,1
DA:672,1
DA:679,1
DA:697,1
DA:701,1
DA:706,1
DA:719,1
DA:721,1
DA:728,0
DA:729,0
DA:730,0
DA:731,0
DA:732,0
DA:733,0
DA:735,0
DA:737,0
DA:738,0
DA:739,0
DA:746,0
DA:747,0
DA:753,0
DA:769,1
DA:783,0
DA:784,0
DA:786,1
DA:787,1
DA:796,0
DA:797,0
DA:798,0
DA:799,0
DA:800,0
DA:801,0
DA:802,0
DA:803,0
DA:804,0
DA:808,0
DA:809,0
DA:811,1
DA:813,0
DA:817,1
DA:819,0
DA:829,1
DA:847,1
DA:848,1
DA:852,1
DA:861,1
DA:863,0
DA:879,1
DA:896,1
DA:897,1
DA:901,1
DA:906,1
DA:908,0
DA:920,1
DA:942,1
DA:948,1
DA:954,1
DA:969,1
DA:971,0
DA:982,1
DA:983,0
DA:984,0
DA:985,0
LF:194
LH:88
FN:47,55,WikipediaCache.__init__
FNDA:1,WikipediaCache.__init__
FN:57,70,WikipediaCache._init_db
FNDA:1,WikipediaCache._init_db
FN:72,88,WikipediaCache._get_lock
FNDA:0,WikipediaCache._get_lock
FN:90,116,WikipediaCache.get_cached_svs
FNDA:0,WikipediaCache.get_cached_svs
FN:118,143,WikipediaCache.get_stale_cache
FNDA:0,WikipediaCache.get_stale_cache
FN:145,284,WikipediaCache.fetch_and_cache
FNDA:0,WikipediaCache.fetch_and_cache
FN:287,289,WikipediaCache._raise_value_error
FNDA:0,WikipediaCache._raise_value_error
FN:337,359,ConstellationBase.__init__
FNDA:0,ConstellationBase.__init__
FN:361,387,ConstellationBase.get_svs
FNDA:0,ConstellationBase.get_svs
FN:460,470,GALILEO.__init__
FNDA:0,GALILEO.__init__
FN:518,529,GPS.__init__
FNDA:0,GPS.__init__
FN:620,631,BEIDOU.__init__
FNDA:0,BEIDOU.__init__
FN:721,767,GLONASS.__init__
FNDA:0,GLONASS.__init__
FN:769,784,GLONASS.get_channel_used_by_SV
FNDA:0,GLONASS.get_channel_used_by_SV
FN:787,809,GLONASS.glonass_slots_channels
FNDA:0,GLONASS.glonass_slots_channels
FN:811,815,GLONASS.band_G1_equation
FNDA:0,GLONASS.band_G1_equation
FN:817,821,GLONASS.band_G2_equation
FNDA:0,GLONASS.band_G2_equation
FN:861,871,SBAS.__init__
FNDA:0,SBAS.__init__
FN:906,917,IRNSS.__init__
FNDA:0,IRNSS.__init__
FN:969,979,QZSS.__init__
FNDA:0,QZSS.__init__
FNF:20
FNH:2
end_of_record
SF:/Users/work/Developer/GNSS/canvodpy/packages/canvod-readers/src/canvod/readers/gnss_specs/exceptions.py
DA:18,1
DA:34,1
DA:52,1
DA:54,0
DA:59,1
DA:76,1
DA:78,0
DA:81,1
DA:98,1
DA:100,0
DA:103,1
DA:120,1
DA:122,0
DA:125,1
DA:141,1
DA:143,0
DA:146,1
DA:160,1
DA:162,0
LF:19
LH:13
FN:52,56,AttributeOverrideError.__init__
FNDA:0,AttributeOverrideError.__init__
FN:76,78,MissingEpochError.__init__
FNDA:0,MissingEpochError.__init__
FN:98,100,CorruptedFileError.__init__
FNDA:0,CorruptedFileError.__init__
FN:120,122,IncompleteEpochError.__init__
FNDA:0,IncompleteEpochError.__init__
FN:141,143,InvalidEpochError.__init__
FNDA:0,InvalidEpochError.__init__
FN:160,162,FileNotExistError.__init__
FNDA:0,FileNotExistError.__init__
FNF:6
FNH:0
end_of_record
SF:/Users/work/Developer/GNSS/canvodpy/packages/canvod-readers/src/canvod/readers/gnss_specs/metadata.py
DA:33,1
DA:35,1
DA:37,1
DA:42,1
DA:124,1
DA:140,1
DA:156,1
DA:216,1
[...]
DA:379,1
DA:381,1
DA:394,0
DA:396,1
DA:409,0
DA:411,1
DA:419,0
DA:420,0
DA:421,0
DA:422,0
DA:424,0
DA:427,1
DA:435,1
DA:442,1
DA:446,1
DA:453,1
DA:461,1
DA:462,0
DA:465,1
DA:467,1
DA:468,1
DA:469,1
DA:471,1
DA:479,1
DA:482,1
DA:485,1
DA:486,1
DA:487,1
DA:490,1
DA:493,1
DA:494,1
DA:495,1
DA:500,1
DA:503,1
DA:506,1
DA:511,1
DA:514,1
DA:515,1
DA:519,1
DA:520,1
DA:521,1
DA:522,1
DA:523,1
DA:524,1
DA:525,1
DA:535,1
DA:538,1
DA:542,1
DA:543,1
DA:551,1
DA:555,1
DA:559,1
DA:566,1
DA:574,1
DA:575,1
DA:577,1
DA:578,0
DA:579,0
DA:580,1
DA:581,0
DA:582,0
DA:583,1
DA:586,1
DA:589,1
DA:590,1
DA:591,1
DA:594,1
DA:597,1
DA:600,1
DA:601,1
DA:605,1
DA:610,1
DA:611,1
DA:613,1
DA:614,1
DA:615,1
DA:616,1
DA:617,1
DA:618,1
DA:619,0
DA:620,0
DA:621,0
DA:622,0
DA:627,0
DA:628,1
DA:630,1
DA:638,0
DA:640,1
DA:648,1
DA:650,1
DA:663,0
DA:664,0
DA:665,0
DA:666,0
DA:667,0
DA:668,0
DA:669,0
DA:670,0
DA:672,0
DA:674,1
DA:682,0
DA:683,0
DA:684,0
DA:685,0
DA:686,0
DA:687,0
DA:688,0
DA:691,1
DA:694,1
DA:696,1
DA:697,1
DA:698,1
DA:714,1
DA:715,0
DA:717,0
DA:722,1
DA:730,1
DA:733,1
DA:737,1
DA:741,1
DA:746,1
DA:747,1
DA:748,1
DA:767,0
DA:768,0
DA:769,0
DA:770,0
DA:771,0
DA:773,1
DA:781,0
DA:782,0
DA:783,0
DA:784,0
DA:786,0
DA:788,1
DA:798,0
DA:806,1
DA:815,1
DA:816,1
DA:817,1
DA:819,1
DA:821,1
DA:822,1
DA:830,0
LF:230
LH:158
FN:49,68,MetadataConfig.to_attrs_dict
FNDA:0,MetadataConfig.to_attrs_dict
FN:99,125,AuxDataConfig.get_ftp_servers
FNDA:0,AuxDataConfig.get_ftp_servers
FN:194,216,ProcessingParams.validate_resource_mode
FNDA:1,ProcessingParams.validate_resource_mode
FN:218,244,ProcessingParams.resolve_resources
FNDA:0,ProcessingParams.resolve_resources
FN:346,379,StorageConfig.validate_stores_dir
FNDA:1,StorageConfig.validate_stores_dir
FN:381,394,StorageConfig.get_rinex_store_path
FNDA:0,StorageConfig.get_rinex_store_path
FN:396,409,StorageConfig.get_vod_store_path
FNDA:0,StorageConfig.get_vod_store_path
FN:411,424,StorageConfig.get_aux_data_dir
FNDA:0,StorageConfig.get_aux_data_dir
FN:453,469,LoggingConfig.get_log_dir
FNDA:1,LoggingConfig.get_log_dir
FN:471,479,LoggingConfig.get_log_file
FNDA:1,LoggingConfig.get_log_file
FN:575,583,ReceiverConfig.validate_scs_from
FNDA:1,ReceiverConfig.validate_scs_from
FN:611,628,SiteConfig.validate_scs_from_targets
FNDA:1,SiteConfig.validate_scs_from_targets
FN:630,638,SiteConfig.get_base_path
FNDA:0,SiteConfig.get_base_path
FN:640,648,SiteConfig.get_canopy_receiver_names
FNDA:1,SiteConfig.get_canopy_receiver_names
FN:650,672,SiteConfig.resolve_scs_from
FNDA:0,SiteConfig.resolve_scs_from
FN:674,688,SiteConfig.get_reference_canopy_pairs
FNDA:0,SiteConfig.get_reference_canopy_pairs
FN:698,722,SitesConfig.validate_at_least_one_site
FNDA:1,SitesConfig.validate_at_least_one_site
FN:748,771,SidsConfig.validate_preset_when_mode_preset
FNDA:0,SidsConfig.validate_preset_when_mode_preset
FN:773,786,SidsConfig.get_sids
FNDA:0,SidsConfig.get_sids
FN:788,798,SidsConfig._get_preset_sids
FNDA:0,SidsConfig._get_preset_sids
FN:822,830,CanvodConfig.nasa_earthdata_acc_mail
FNDA:0,CanvodConfig.nasa_earthdata_acc_mail
FNF:21
FNH:8
end_of_record
SF:/Users/work/Developer/GNSS/canvodpy/packages/canvod-utils/src/canvod/utils/tools/__init__.py
DA:26,1
DA:27,1
DA:28,1
DA:29,1
DA:33,1
DA:35,1
LF:6
LH:6
end_of_record
SF:/Users/work/Developer/GNSS/canvodpy/packages/canvod-utils/src/canvod/utils/tools/date_utils.py
DA:3,1
DA:4,1
DA:5,1
DA:7,1
DA:8,1
DA:11,1
DA:35,0
DA:36,0
DA:37,0
DA:40,0
DA:41,0
DA:42,0
DA:43,0
DA:44,0
DA:46,0
DA:50,0
DA:53,1
DA:54,1
DA:55,1
DA:100,1
DA:101,1
DA:102,1
DA:103,1
DA:105,1
DA:112,0
DA:113,0
DA:114,0
DA:116,1
DA:124,0
DA:130,1
DA:138,0
DA:140,1
DA:153,0
DA:154,0
DA:155,0
DA:157,1
DA:170,0
DA:171,0
DA:172,0
DA:174,1
DA:182,0
DA:184,1
DA:192,0
DA:196,1
DA:197,1
DA:209,0
DA:210,0
DA:212,1
DA:213,1
DA:225,0
DA:226,0
DA:227,0
DA:228,0
DA:229,0
DA:230,0
DA:232,1
DA:233,1
DA:245,0
DA:246,0
DA:247,0
DA:248,0
DA:249,0
DA:250,0
DA:251,0
DA:252,0
DA:253,0
DA:254,0
DA:256,1
DA:257,1
DA:269,0
DA:271,1
DA:272,1
DA:286,0
DA:287,0
DA:289,1
DA:298,0
DA:300,1
DA:301,1
DA:322,0
DA:325,0
DA:326,0
DA:327,0
DA:328,0
DA:331,0
DA:333,1
DA:334,1
DA:342,0
DA:344,1
DA:345,1
DA:353,0
DA:356,1
DA:357,1
DA:368,1
DA:369,1
DA:383,0
DA:384,0
LF:96
LH:41
FN:11,50,get_gps_week_from_filename
FNDA:0,get_gps_week_from_filename
FN:105,114,YYYYDOY.__post_init__
FNDA:0,YYYYDOY.__post_init__
FN:116,128,YYYYDOY.__repr__
FNDA:0,YYYYDOY.__repr__
FN:130,138,YYYYDOY.__str__
FNDA:0,YYYYDOY.__str__
FN:140,155,YYYYDOY.__eq__
FNDA:0,YYYYDOY.__eq__
FN:157,172,YYYYDOY.__lt__
FNDA:0,YYYYDOY.__lt__
FN:174,182,YYYYDOY.__hash__
FNDA:0,YYYYDOY.__hash__
FN:184,194,YYYYDOY._calculate_date
FNDA:0,YYYYDOY._calculate_date
FN:197,210,YYYYDOY._validate_doy
FNDA:0,YYYYDOY._validate_doy
FN:213,230,YYYYDOY.from_date
FNDA:0,YYYYDOY.from_date
FN:233,254,YYYYDOY.from_str
FNDA:0,YYYYDOY.from_str
FN:257,269,YYYYDOY.from_int
FNDA:0,YYYYDOY.from_int
FN:272,287,YYYYDOY.from_yydoy_str
FNDA:0,YYYYDOY.from_yydoy_str
FN:289,298,YYYYDOY.to_str
FNDA:0,YYYYDOY.to_str
FN:301,331,YYYYDOY.gpsweekday
FNDA:0,YYYYDOY.gpsweekday
FN:334,342,YYYYDOY.gps_week
FNDA:0,YYYYDOY.gps_week
FN:345,353,YYYYDOY.gps_day_of_week
FNDA:0,YYYYDOY.gps_day_of_week
FN:369,384,YYDOY.from_str
FNDA:0,YYDOY.from_str
FNF:18
FNH:0
end_of_record
SF:/Users/work/Developer/GNSS/canvodpy/packages/canvod-utils/src/canvod/utils/tools/hashing.py
DA:3,1
DA:4,1
DA:7,1
DA:32,0
DA:33,0
DA:34,0
DA:35,0
DA:36,0
DA:37,0
LF:9
LH:3
FN:7,37,file_hash
FNDA:0,file_hash
FNF:1
FNH:0
end_of_record
SF:/Users/work/Developer/GNSS/canvodpy/packages/canvod-utils/src/canvod/utils/tools/validation.py
DA:3,1
DA:6,1
DA:29,0
DA:30,0
DA:31,0
DA:32,0
DA:33,0
LF:7
LH:2
FN:6,33,isfloat
FNDA:0,isfloat
FNF:1
FNH:0
end_of_record
SF:/Users/work/Developer/GNSS/canvodpy/packages/canvod-utils/src/canvod/utils/tools/version.py
DA:3,1
DA:5,1
DA:8,1
DA:28,0
DA:31,0
DA:32,0
DA:33,0
DA:34,0
DA:35,0
DA:36,0
DA:38,0
DA:39,0
DA:40,0
DA:42,0
DA:43,0
DA:45,0
LF:16
LH:3
FN:8,45,get_version_from_pyproject
FNDA:0,get_version_from_pyproject
FNF:1
FNH:0
end_of_record
SF:/Users/work/Developer/GNSS/canvodpy/packages/canvod-vod/src/canvod/vod/__init__.py
DA:6,1
DA:8,1
DA:10,1
LF:3
LH:3
end_of_record
SF:/Users/work/Developer/GNSS/canvodpy/packages/canvod-vod/src/canvod/vod/_internal/__init__.py
DA:3,1
DA:5,1
LF:2
LH:2
end_of_record
SF:/Users/work/Developer/GNSS/canvodpy/packages/canvod-vod/src/canvod/vod/_internal/logger.py
DA:3,1
DA:6,1
DA:25,1
DA:26,0
DA:27,1
LF:5
LH:4
FN:6,27,get_logger
FNDA:1,get_logger
FNF:1
FNH:1
end_of_record
SF:/Users/work/Developer/GNSS/canvodpy/packages/canvod-vod/src/canvod/vod/calculator.py
DA:3,1
DA:4,1
DA:5,1
DA:6,1
DA:8,1
DA:9,1
DA:10,1
DA:12,1
DA:14,1
DA:17,1
DA:25,1
DA:27,1
DA:28,1
DA:30,1
DA:31,1
DA:32,1
DA:50,0
DA:51,0
DA:52,0
DA:53,0
DA:54,0
DA:56,1
DA:57,1
DA:65,0
DA:67,1
DA:68,1
DA:98,0
DA:99,0
DA:100,0
DA:101,0
DA:106,0
DA:108,0
DA:109,0
DA:110,0
DA:112,0
DA:118,1
DA:119,1
DA:141,0
DA:142,0
DA:144,0
DA:145,0
DA:148,1
DA:154,1
DA:162,0
DA:164,1
DA:177,0
DA:179,1
DA:196,0
DA:197,0
DA:204,0
DA:208,0
DA:210,0
DA:211,0
DA:212,0
DA:216,0
DA:218,0
DA:219,0
DA:220,0
DA:221,0
DA:225,0
DA:232,0
DA:233,0
DA:235,0
DA:244,0
DA:245,0
DA:246,0
DA:247,0
DA:255,0
DA:262,0
LF:69
LH:26
FN:32,54,VODCalculator.validate_datasets
FNDA:0,VODCalculator.validate_datasets
FN:57,65,VODCalculator.calculate_vod
FNDA:0,VODCalculator.calculate_vod
FN:68,116,VODCalculator.from_icechunkstore
FNDA:0,VODCalculator.from_icechunkstore
FN:119,145,VODCalculator.from_datasets
FNDA:0,VODCalculator.from_datasets
FN:154,162,TauOmegaZerothOrder.get_delta_snr
FNDA:0,TauOmegaZerothOrder.get_delta_snr
FN:164,177,TauOmegaZerothOrder.decibel2linear
FNDA:0,TauOmegaZerothOrder.decibel2linear
FN:179,262,TauOmegaZerothOrder.calculate_vod
FNDA:0,TauOmegaZerothOrder.calculate_vod
FNF:7
FNH:0
end_of_record
SF:src/canvod/viz/__init__.py
DA:43,1
DA:49,1
DA:50,1
DA:55,1
DA:57,1
DA:59,1
LF:6
LH:6
end_of_record
SF:src/canvod/viz/hemisphere_2d.py
DA:7,1
DA:9,1
DA:10,1
DA:12,1
DA:13,1
DA:14,1
DA:15,1
DA:17,1
DA:26,1
DA:49,1
DA:58,1
DA:59,1
DA:60,1
DA:62,1
DA:103,0
DA:104,0
DA:107,0
DA:108,0
DA:109,0
DA:112,0
DA:113,0
DA:117,0
DA:120,0
DA:123,0
DA:126,0
DA:127,0
DA:130,0
DA:137,0
DA:138,0
DA:141,0
DA:144,0
DA:147,0
DA:153,0
DA:156,0
DA:157,0
DA:160,0
DA:161,0
DA:162,0
DA:163,0
DA:171,0
DA:173,1
DA:185,0
DA:186,0
DA:188,0
DA:190,0
DA:191,0
DA:192,0
DA:193,0
DA:194,0
DA:195,0
DA:196,0
DA:197,0
DA:198,0
DA:199,0
DA:200,0
DA:202,0
DA:205,0
DA:206,0
DA:208,0
DA:210,1
DA:212,0
DA:213,0
DA:216,0
DA:218,0
DA:219,0
DA:220,0
DA:221,0
DA:222,0
DA:225,0
DA:226,0
DA:229,0
DA:230,0
DA:233,0
DA:242,0
DA:243,0
DA:245,0
DA:247,1
DA:249,0
DA:250,0
DA:253,0
DA:255,0
DA:256,0
DA:259,0
DA:260,0
DA:261,0
DA:263,0
DA:264,0
DA:271,0
DA:272,0
DA:273,0
DA:274,0
DA:277,0
DA:278,0
DA:281,0
DA:282,0
DA:284,0
DA:285,0
DA:287,0
DA:289,0
DA:291,0
DA:293,1
DA:299,0
DA:300,0
DA:302,0
DA:303,0
DA:305,0
DA:307,0
DA:309,0
DA:310,0
DA:311,0
DA:312,0
DA:313,0
DA:316,0
DA:317,0
DA:319,0
DA:320,0
DA:321,0
DA:322,0
DA:324,0
DA:325,0
DA:327,0
DA:328,0
DA:329,0
DA:330,0
DA:332,0
DA:333,0
DA:335,0
DA:337,1
DA:339,0
DA:340,0
DA:341,0
DA:342,0
DA:347,0
DA:348,0
DA:349,0
DA:350,0
DA:352,0
DA:353,0
DA:355,0
DA:356,0
DA:359,0
DA:360,0
DA:362,0
DA:363,0
DA:364,0
DA:365,0
DA:368,0
DA:369,0
DA:370,0
DA:372,0
DA:373,0
DA:374,0
DA:375,0
DA:377,0
DA:379,1
DA:381,0
DA:382,0
DA:383,0
DA:384,0
DA:386,0
DA:388,0
DA:390,0
DA:391,0
DA:392,0
DA:393,0
DA:394,0
DA:396,0
DA:397,0
DA:400,0
DA:401,0
DA:403,0
DA:404,0
DA:405,0
DA:406,0
DA:410,0
DA:411,0
DA:412,0
DA:413,0
DA:415,0
DA:416,0
DA:418,0
DA:420,1
DA:440,0
DA:441,0
DA:443,0
DA:445,1
DA:461,0
DA:464,0
DA:465,0
DA:468,0
DA:469,0
DA:470,0
DA:471,0
DA:472,0
DA:475,0
DA:476,0
DA:483,0
DA:491,1
DA:529,0
DA:530,0
DA:533,1
DA:581,0
DA:584,0
DA:585,0
DA:586,0
DA:588,0
DA:589,0
DA:590,0
DA:592,0
DA:595,0
DA:596,0
DA:598,0
DA:599,0
DA:602,0
DA:604,0
DA:605,0
DA:606,0
DA:608,0
DA:609,0
DA:611,0
DA:612,0
DA:615,0
DA:616,0
DA:617,0
DA:618,0
DA:621,0
DA:622,0
DA:623,0
DA:625,0
DA:626,0
DA:628,0
DA:635,0
DA:637,0
DA:638,0
DA:641,0
DA:642,0
DA:643,0
DA:646,0
DA:647,0
DA:648,0
DA:649,0
DA:650,0
DA:652,0
DA:655,0
DA:656,0
DA:657,0
DA:660,0
DA:661,0
DA:663,0
DA:665,0
DA:672,0
DA:673,0
DA:677,0
DA:678,0
DA:679,0
DA:681,0
DA:682,0
DA:684,0
DA:686,0
DA:688,0
DA:697,0
DA:698,0
DA:701,0
DA:702,0
DA:703,0
DA:705,0
DA:707,0
LF:267
LH:24
FN:49,60,HemisphereVisualizer2D.__init__
FNDA:1,HemisphereVisualizer2D.__init__
FN:62,171,HemisphereVisualizer2D.plot_grid_patches
FNDA:0,HemisphereVisualizer2D.plot_grid_patches
FN:173,208,HemisphereVisualizer2D._extract_grid_patches
FNDA:0,HemisphereVisualizer2D._extract_grid_patches
FN:210,245,HemisphereVisualizer2D._extract_rectangular_patches
FNDA:0,HemisphereVisualizer2D._extract_rectangular_patches
FN:247,291,HemisphereVisualizer2D._extract_htm_patches
FNDA:0,HemisphereVisualizer2D._extract_htm_patches
FN:293,335,HemisphereVisualizer2D._extract_geodesic_patches
FNDA:0,HemisphereVisualizer2D._extract_geodesic_patches
FN:337,377,HemisphereVisualizer2D._extract_healpix_patches
FNDA:0,HemisphereVisualizer2D._extract_healpix_patches
FN:379,418,HemisphereVisualizer2D._extract_fibonacci_patches
FNDA:0,HemisphereVisualizer2D._extract_fibonacci_patches
FN:420,443,HemisphereVisualizer2D._map_data_to_patches
FNDA:0,HemisphereVisualizer2D._map_data_to_patches
FN:445,483,HemisphereVisualizer2D._apply_polar_styling
FNDA:0,HemisphereVisualizer2D._apply_polar_styling
FN:491,530,visualize_grid
FNDA:0,visualize_grid
FN:533,707,add_tissot_indicatrix
FNDA:0,add_tissot_indicatrix
FNF:12
FNH:1
end_of_record
SF:src/canvod/viz/hemisphere_3d.py
DA:6,1
DA:8,1
DA:10,1
DA:11,1
DA:12,1
DA:14,1
DA:20,1
DA:43,1
DA:52,0
DA:54,1
DA:111,0
DA:112,0
DA:113,0
DA:115,0
DA:118,0
DA:120,0
DA:121,0
DA:127,0
DA:128,0
DA:129,0
DA:130,0
DA:133,0
DA:134,0
DA:135,0
DA:136,0
DA:141,0
DA:148,0
DA:151,0
DA:152,0
DA:168,0
DA:170,0
DA:172,1
DA:180,0
DA:182,0
DA:183,0
DA:184,0
DA:186,0
DA:188,0
DA:189,0
DA:190,0
DA:191,0
DA:194,0
DA:195,0
DA:198,0
DA:199,0
DA:201,0
DA:202,0
DA:204,0
DA:205,0
DA:206,0
DA:207,0
DA:208,0
DA:209,0
DA:211,0
DA:212,0
DA:213,0
DA:216,0
DA:217,0
DA:220,0
DA:221,0
DA:222,0
DA:224,0
DA:226,0
DA:227,0
DA:229,0
DA:245,1
DA:253,0
DA:255,0
DA:256,0
DA:257,0
DA:259,0
DA:261,0
DA:262,0
DA:263,0
DA:264,0
DA:265,0
DA:268,0
DA:269,0
DA:271,0
DA:272,0
DA:273,0
DA:275,0
DA:276,0
DA:279,0
DA:280,0
DA:281,0
DA:283,0
DA:285,0
DA:286,0
DA:288,0
DA:304,1
DA:316,0
DA:317,0
DA:319,0
DA:320,0
DA:324,0
DA:325,0
DA:326,0
DA:327,0
DA:329,0
DA:330,0
DA:331,0
DA:332,0
DA:333,0
DA:335,0
DA:337,0
DA:338,0
DA:340,0
DA:341,0
DA:342,0
DA:344,0
DA:345,0
DA:347,0
DA:348,0
DA:349,0
DA:350,0
DA:352,0
DA:353,0
DA:355,0
DA:371,1
DA:383,0
DA:384,0
DA:385,0
DA:386,0
DA:390,0
DA:391,0
DA:392,0
DA:396,0
DA:397,0
DA:399,0
DA:400,0
DA:401,0
DA:402,0
DA:404,0
DA:405,0
DA:406,0
DA:407,0
DA:408,0
DA:410,0
DA:411,0
DA:413,0
DA:414,0
DA:415,0
DA:416,0
DA:418,0
DA:419,0
DA:422,0
DA:423,0
DA:424,0
DA:425,0
DA:427,0
DA:429,0
DA:430,0
DA:432,0
DA:448,1
DA:464,0
DA:465,0
DA:467,0
DA:468,0
DA:472,0
DA:473,0
DA:474,0
DA:475,0
DA:477,0
DA:478,0
DA:479,0
DA:480,0
DA:481,0
DA:483,0
DA:485,0
DA:486,0
DA:490,0
DA:492,0
DA:493,0
DA:494,0
DA:496,0
DA:497,0
DA:500,0
DA:501,0
DA:502,0
DA:503,0
DA:505,0
DA:507,0
DA:508,0
DA:510,0
DA:526,1
DA:534,0
DA:535,0
DA:536,0
DA:539,0
DA:540,0
DA:541,0
DA:544,0
DA:545,0
DA:547,0
DA:550,0
DA:551,0
DA:552,0
DA:553,0
DA:554,0
DA:556,0
DA:574,1
DA:611,0
DA:620,0
DA:622,1
DA:662,0
DA:665,0
DA:666,0
DA:668,0
DA:670,0
DA:671,0
DA:674,0
DA:676,0
DA:677,0
DA:678,0
DA:679,0
DA:680,0
DA:682,0
DA:685,0
DA:686,0
DA:687,0
DA:690,0
DA:693,0
DA:696,0
DA:709,0
DA:710,0
DA:711,0
DA:714,0
DA:721,0
DA:722,0
DA:736,0
DA:738,0
DA:741,0
DA:754,0
DA:756,1
DA:785,0
DA:786,0
DA:787,0
DA:788,0
DA:791,0
DA:792,0
DA:793,0
DA:794,0
DA:795,0
DA:796,0
DA:797,0
DA:810,0
DA:811,0
DA:812,0
DA:813,0
DA:814,0
DA:815,0
DA:816,0
DA:828,0
DA:830,1
DA:857,0
DA:863,0
DA:864,0
DA:877,0
DA:878,0
DA:879,0
DA:883,0
DA:902,0
DA:903,0
DA:904,0
DA:909,0
DA:922,0
DA:930,1
DA:980,0
DA:981,0
DA:985,0
DA:986,0
DA:988,0
DA:989,0
DA:991,0
LF:275
LH:20
FN:43,52,HemisphereVisualizer3D.__init__
FNDA:0,HemisphereVisualizer3D.__init__
FN:54,170,HemisphereVisualizer3D.plot_hemisphere_surface
FNDA:0,HemisphereVisualizer3D.plot_hemisphere_surface
FN:172,243,HemisphereVisualizer3D._render_rectangular_cells
FNDA:0,HemisphereVisualizer3D._render_rectangular_cells
FN:245,302,HemisphereVisualizer3D._render_htm_cells
FNDA:0,HemisphereVisualizer3D._render_htm_cells
FN:304,369,HemisphereVisualizer3D._render_geodesic_cells
FNDA:0,HemisphereVisualizer3D._render_geodesic_cells
FN:371,446,HemisphereVisualizer3D._render_healpix_cells
FNDA:0,HemisphereVisualizer3D._render_healpix_cells
FN:448,524,HemisphereVisualizer3D._render_fibonacci_cells
FNDA:0,HemisphereVisualizer3D._render_fibonacci_cells
FN:526,572,HemisphereVisualizer3D._render_scatter_fallback
FNDA:0,HemisphereVisualizer3D._render_scatter_fallback
FN:574,620,HemisphereVisualizer3D.plot_hemisphere_scatter
FNDA:0,HemisphereVisualizer3D.plot_hemisphere_scatter
FN:622,754,HemisphereVisualizer3D.plot_cell_mesh
FNDA:0,HemisphereVisualizer3D.plot_cell_mesh
FN:756,828,HemisphereVisualizer3D.add_spherical_overlays
FNDA:0,HemisphereVisualizer3D.add_spherical_overlays
FN:830,922,HemisphereVisualizer3D.add_custom_axes
FNDA:0,HemisphereVisualizer3D.add_custom_axes
FN:930,991,visualize_grid_3d
FNDA:0,visualize_grid_3d
FNF:13
FNH:0
end_of_record
SF:src/canvod/viz/styles.py
DA:6,1
DA:7,1
DA:10,1
DA:11,1
DA:55,1
DA:56,1
DA:57,1
DA:58,1
DA:59,1
DA:60,1
DA:61,1
DA:62,1
DA:63,1
DA:64,1
DA:65,1
DA:66,1
DA:67,1
DA:68,1
DA:69,1
DA:70,1
DA:71,1
DA:72,1
DA:75,1
DA:76,1
DA:114,1
DA:115,1
DA:116,1
DA:117,1
DA:118,1
DA:119,1
DA:120,1
DA:121,1
DA:122,1
DA:123,1
DA:124,1
DA:125,1
DA:126,1
DA:127,1
DA:128,1
DA:130,1
DA:139,1
DA:147,1
DA:156,1
DA:157,1
DA:167,1
DA:179,1
DA:193,1
DA:208,1
DA:227,1
LF:49
LH:49
FN:130,145,PlotStyle.to_polar_style
FNDA:1,PlotStyle.to_polar_style
FN:147,176,PlotStyle.to_plotly_layout
FNDA:1,PlotStyle.to_plotly_layout
FN:179,205,create_publication_style
FNDA:1,create_publication_style
FN:208,241,create_interactive_style
FNDA:1,create_interactive_style
FNF:4
FNH:4
end_of_record
SF:src/canvod/viz/visualizer.py
DA:7,1
DA:9,1
DA:10,1
DA:12,1
DA:14,1
DA:15,1
DA:16,1
DA:31,1
DA:81,1
DA:90,0
DA:93,0
DA:94,0
DA:97,0
DA:99,1
DA:114,0
DA:116,1
DA:160,0
DA:161,0
DA:163,0
DA:164,0
DA:166,0
DA:170,1
DA:208,0
DA:209,0
DA:211,0
DA:215,1
DA:246,0
DA:248,1
DA:290,0
DA:293,0
DA:296,0
DA:297,0
DA:298,0
DA:299,0
DA:301,0
DA:303,1
DA:344,0
DA:345,0
DA:346,0
DA:347,0
DA:350,0
DA:351,0
DA:352,0
DA:354,0
DA:356,1
DA:393,0
DA:395,0
DA:398,0
DA:399,0
DA:400,0
DA:401,0
DA:403,0
LF:52
LH:16
FN:81,97,HemisphereVisualizer.__init__
FNDA:0,HemisphereVisualizer.__init__
FN:99,114,HemisphereVisualizer.set_style
FNDA:0,HemisphereVisualizer.set_style
FN:116,168,HemisphereVisualizer.plot_2d
FNDA:0,HemisphereVisualizer.plot_2d
FN:170,213,HemisphereVisualizer.plot_3d
FNDA:0,HemisphereVisualizer.plot_3d
FN:215,246,HemisphereVisualizer.plot_3d_mesh
FNDA:0,HemisphereVisualizer.plot_3d_mesh
FN:248,301,HemisphereVisualizer.create_comparison_plot
FNDA:0,HemisphereVisualizer.create_comparison_plot
FN:303,354,HemisphereVisualizer.create_publication_figure
FNDA:0,HemisphereVisualizer.create_publication_figure
FN:356,403,HemisphereVisualizer.create_interactive_explorer
FNDA:0,HemisphereVisualizer.create_interactive_explorer
FNF:8
FNH:0
end_of_record
SF:tests/conftest.py
end_of_record
SF:tests/test_viz.py
DA:3,1
DA:6,1
DA:8,1
DA:18,1
DA:19,1
DA:20,1
DA:21,1
DA:22,1
DA:23,1
DA:24,1
DA:27,1
DA:29,1
DA:31,1
DA:33,1
DA:34,1
DA:35,1
DA:36,1
DA:37,1
DA:38,1
DA:39,1
DA:42,1
DA:44,1
DA:46,1
DA:48,1
DA:49,1
DA:50,1
DA:51,1
DA:52,1
DA:53,1
DA:56,1
DA:58,1
DA:60,1
DA:62,1
DA:64,1
DA:65,1
DA:66,1
DA:69,1
DA:71,1
DA:74,1
DA:75,1
DA:77,1
DA:78,1
DA:79,1
DA:82,1
DA:83,1
DA:85,1
DA:86,1
DA:87,1
DA:90,1
DA:92,1
DA:94,1
DA:96,1
DA:97,1
DA:98,1
DA:99,1
DA:100,1
DA:103,1
DA:105,1
DA:108,1
DA:109,1
DA:110,1
DA:111,1
DA:114,1
DA:115,1
DA:116,1
DA:117,1
DA:120,1
DA:122,1
DA:125,1
DA:126,1
DA:129,1
DA:131,1
DA:134,1
DA:135,1
DA:138,1
DA:140,1
DA:143,1
DA:144,1
DA:147,1
DA:149,1
DA:150,1
DA:152,1
DA:153,1
DA:155,1
DA:158,1
DA:160,1
DA:162,1
DA:164,1
DA:165,1
DA:166,1
DA:167,1
DA:169,1
LF:92
LH:92
FN:6,24,test_imports
FNDA:1,test_imports
FN:27,39,test_polar_plot_style_defaults
FNDA:1,test_polar_plot_style_defaults
FN:42,53,test_plot_style_defaults
FNDA:1,test_plot_style_defaults
FN:56,66,test_plot_style_to_polar_style
FNDA:1,test_plot_style_to_polar_style
FN:69,87,test_plot_style_to_plotly_layout
FNDA:1,test_plot_style_to_plotly_layout
FN:90,100,test_create_publication_style
FNDA:1,test_create_publication_style
FN:103,117,test_create_interactive_style
FNDA:1,test_create_interactive_style
FN:120,126,test_hemisphere_visualizer_2d_requires_grid
FNDA:1,test_hemisphere_visualizer_2d_requires_grid
FN:129,135,test_hemisphere_visualizer_3d_requires_grid
FNDA:1,test_hemisphere_visualizer_3d_requires_grid
FN:138,144,test_hemisphere_visualizer_requires_grid
FNDA:1,test_hemisphere_visualizer_requires_grid
FN:147,155,test_visualizer_with_grid
FNDA:1,test_visualizer_with_grid
FN:158,169,test_style_parameter_override
FNDA:1,test_style_parameter_override
FNF:12
FNH:12
end_of_record
SF:tests/test_viz_meta.py
DA:4,1
DA:6,1
DA:8,1
DA:11,1
DA:13,1
DA:15,1
DA:16,1
DA:19,1
DA:21,1
DA:23,1
DA:24,1
DA:25,1
DA:28,1
DA:30,1
DA:31,1
DA:33,1
DA:34,1
DA:35,1
DA:36,1
DA:39,1
DA:41,1
DA:47,1
DA:48,1
DA:49,1
DA:52,1
DA:54,1
DA:56,1
DA:57,1
DA:60,1
DA:62,1
DA:64,1
DA:65,1
LF:32
LH:32
FN:4,8,test_package_importable
FNDA:1,test_package_importable
FN:11,16,test_package_has_version
FNDA:1,test_package_has_version
FN:19,25,test_package_has_all
FNDA:1,test_package_has_all
FN:28,36,test_all_exports_importable
FNDA:1,test_all_exports_importable
FN:39,49,test_main_classes_exported
FNDA:1,test_main_classes_exported
FN:52,57,test_style_classes_exported
FNDA:1,test_style_classes_exported
FN:60,65,test_style_factories_exported
FNDA:1,test_style_factories_exported
FNF:7
FNH:7
end_of_record
